
38. Executing CHECK pass (checking for obvious problems).
Checking module $paramod\Datapath\DMEM_DEPTH=s32'00000000000000000000000010000000...
Checking module $paramod\data_mem\DEPTH=s32'00000000000000000000000010000000...
Checking module $paramod\pipeline_reg\WIDTH=s32'00000000000000000000000000100000...
Checking module $paramod\ripple_carry_adder_subtractor\N=s32'00000000000000000000000000100000...
Checking module $paramod\shift_right\data_length=s32'00000000000000000000000000100000...
Checking module ALU_LL...
Checking module FunctionUnit...
Checking module control_unit...
Checking module cpu...
Checking module full_adder_LL_nodelay...
Checking module immed_gen...
Checking module instr_dec...
Checking module instr_mem...
Checking module logical_unit...
Checking module mux_2to1...
Checking module pc_updater...
Checking module regfile...
Checking module ripple_carry_adder_subtractor...
Checking module shifter...
Found and reported 0 problems.
