
90. Printing statistics.

=== cpu ===

   Number of wires:              26627
   Number of wire bits:          26630
   Number of public wires:       26627
   Number of public wire bits:   26630
   Number of memories:               0
   Number of memory bits:            0
   Number of processes:              0
   Number of cells:              26628
     sky130_fd_sc_hd__a2111o_2     386
     sky130_fd_sc_hd__a211o_2       72
     sky130_fd_sc_hd__a21bo_2        1
     sky130_fd_sc_hd__a21boi_2       1
     sky130_fd_sc_hd__a21o_2       368
     sky130_fd_sc_hd__a21oi_2        7
     sky130_fd_sc_hd__a221o_2       39
     sky130_fd_sc_hd__a22o_2       352
     sky130_fd_sc_hd__a22oi_2        1
     sky130_fd_sc_hd__a2bb2o_2       5
     sky130_fd_sc_hd__a311o_2       64
     sky130_fd_sc_hd__a31o_2       202
     sky130_fd_sc_hd__a32o_2        38
     sky130_fd_sc_hd__a41o_2         1
     sky130_fd_sc_hd__and2_2        71
     sky130_fd_sc_hd__and2b_2      276
     sky130_fd_sc_hd__and3_2       724
     sky130_fd_sc_hd__and3b_2      518
     sky130_fd_sc_hd__and4_2         8
     sky130_fd_sc_hd__and4b_2       14
     sky130_fd_sc_hd__and4bb_2      20
     sky130_fd_sc_hd__buf_1       7442
     sky130_fd_sc_hd__buf_2         85
     sky130_fd_sc_hd__conb_1        33
     sky130_fd_sc_hd__dfrtp_2     1316
     sky130_fd_sc_hd__dfxtp_2     4192
     sky130_fd_sc_hd__dlxtn_1       33
     sky130_fd_sc_hd__inv_2       1142
     sky130_fd_sc_hd__mux2_2      6041
     sky130_fd_sc_hd__mux4_2       832
     sky130_fd_sc_hd__nand2_2      403
     sky130_fd_sc_hd__nand2b_2       1
     sky130_fd_sc_hd__nand3_2        3
     sky130_fd_sc_hd__nand3b_2       6
     sky130_fd_sc_hd__nor2_2       283
     sky130_fd_sc_hd__nor2b_2       25
     sky130_fd_sc_hd__nor3_2         7
     sky130_fd_sc_hd__nor3b_2        9
     sky130_fd_sc_hd__nor4_2         2
     sky130_fd_sc_hd__nor4b_2        8
     sky130_fd_sc_hd__o2111a_2       5
     sky130_fd_sc_hd__o211a_2       67
     sky130_fd_sc_hd__o211ai_2       3
     sky130_fd_sc_hd__o21a_2        10
     sky130_fd_sc_hd__o21ai_2       72
     sky130_fd_sc_hd__o21ba_2        6
     sky130_fd_sc_hd__o21bai_2       2
     sky130_fd_sc_hd__o221a_2      197
     sky130_fd_sc_hd__o22a_2         8
     sky130_fd_sc_hd__o2bb2a_2      67
     sky130_fd_sc_hd__o311a_2        2
     sky130_fd_sc_hd__o31a_2        65
     sky130_fd_sc_hd__o32a_2        64
     sky130_fd_sc_hd__or2_2        549
     sky130_fd_sc_hd__or2b_2        26
     sky130_fd_sc_hd__or3_2         75
     sky130_fd_sc_hd__or3b_2        25
     sky130_fd_sc_hd__or4_2        145
     sky130_fd_sc_hd__or4b_2         7
     sky130_fd_sc_hd__or4bb_2        2
     sky130_fd_sc_hd__xnor2_2      134
     sky130_fd_sc_hd__xor2_2        66

   Chip area for module '\cpu': 293674.156800

