#! /usr/bin/vvp
:ivl_version "12.0 (stable)" "(v12_0-dirty)";
:ivl_delay_selection "TYPICAL";
:vpi_time_precision + 0;
:vpi_module "/usr/lib/ivl/system.vpi";
:vpi_module "/usr/lib/ivl/vhdl_sys.vpi";
:vpi_module "/usr/lib/ivl/vhdl_textio.vpi";
:vpi_module "/usr/lib/ivl/v2005_math.vpi";
:vpi_module "/usr/lib/ivl/va_math.vpi";
S_0x55582543d4a0 .scope module, "pc_updater" "pc_updater" 2 4;
 .timescale 0 0;
    .port_info 0 /INPUT 1 "clk";
    .port_info 1 /INPUT 23 "cword";
    .port_info 2 /INPUT 32 "imm";
    .port_info 3 /INPUT 32 "r";
    .port_info 4 /OUTPUT 32 "pc";
v0x55582549cfa0_0 .var "A", 31 0;
v0x55582549d080_0 .var "B", 31 0;
v0x55582549d150_0 .net "Cout", 0 0, L_0x5558254bbc20;  1 drivers
v0x55582549d250_0 .net "S", 31 0, L_0x5558254b9580;  1 drivers
v0x55582549d320_0 .net *"_ivl_3", 29 0, L_0x5558254bb0a0;  1 drivers
L_0x7fcb9b96c060 .functor BUFT 1, C4<00>, C4<0>, C4<0>, C4<0>;
v0x55582549d3c0_0 .net/2u *"_ivl_4", 1 0, L_0x7fcb9b96c060;  1 drivers
o0x7fcb9b9bb2e8 .functor BUFZ 1, C4<z>; HiZ drive
v0x55582549d480_0 .net "clk", 0 0, o0x7fcb9b9bb2e8;  0 drivers
o0x7fcb9b9bb318 .functor BUFZ 23, C4<zzzzzzzzzzzzzzzzzzzzzzz>; HiZ drive
v0x55582549d540_0 .net "cword", 22 0, o0x7fcb9b9bb318;  0 drivers
o0x7fcb9b9bb348 .functor BUFZ 32, C4<zzzzzzzzzzzzzzzzzzzzzzzzzzzzzzzz>; HiZ drive
v0x55582549d620_0 .net "imm", 31 0, o0x7fcb9b9bb348;  0 drivers
v0x55582549d700_0 .net "pc", 31 0, L_0x5558254bb140;  1 drivers
o0x7fcb9b9bb3a8 .functor BUFZ 32, C4<zzzzzzzzzzzzzzzzzzzzzzzzzzzzzzzz>; HiZ drive
v0x55582549d7e0_0 .net "r", 31 0, o0x7fcb9b9bb3a8;  0 drivers
E_0x555825409bd0 .event posedge, v0x55582549d480_0;
L_0x5558254bb0a0 .part L_0x5558254b9580, 2, 30;
L_0x5558254bb140 .concat [ 2 30 0 0], L_0x7fcb9b96c060, L_0x5558254bb0a0;
S_0x55582546f380 .scope module, "adder" "ripple_carry_adder_subtractor" 2 19, 3 1 0, S_0x55582543d4a0;
 .timescale 0 0;
    .port_info 0 /INPUT 1 "Cin";
    .port_info 1 /INPUT 32 "A";
    .port_info 2 /INPUT 32 "B";
    .port_info 3 /OUTPUT 1 "Cout";
    .port_info 4 /OUTPUT 32 "S";
P_0x5558254562b0 .param/l "N" 0 3 2, +C4<00000000000000000000000000100000>;
L_0x7fcb9b96c018 .functor BUFT 1, C4<0>, C4<0>, C4<0>, C4<0>;
L_0x5558254bbb60 .functor BUFZ 1, L_0x7fcb9b96c018, C4<0>, C4<0>, C4<0>;
v0x55582549a8d0_0 .net "A", 31 0, v0x55582549cfa0_0;  1 drivers
v0x55582549a9d0_0 .net "B", 31 0, v0x55582549d080_0;  1 drivers
v0x55582549aab0_0 .net "B_xor", 31 0, L_0x5558254b7890;  1 drivers
v0x55582549ab70_0 .net "Cin", 0 0, L_0x7fcb9b96c018;  1 drivers
v0x55582549ac30_0 .net "Cout", 0 0, L_0x5558254bbc20;  alias, 1 drivers
v0x55582549ad40_0 .net "S", 31 0, L_0x5558254b9580;  alias, 1 drivers
v0x55582549ae20_0 .net *"_ivl_0", 0 0, L_0x55582549d960;  1 drivers
v0x55582549af00_0 .net *"_ivl_11", 0 0, L_0x55582549e380;  1 drivers
v0x55582549afe0_0 .net *"_ivl_110", 0 0, L_0x5558254a49b0;  1 drivers
v0x55582549b0c0_0 .net *"_ivl_121", 0 0, L_0x5558254a5650;  1 drivers
v0x55582549b1a0_0 .net *"_ivl_132", 0 0, L_0x5558254a64f0;  1 drivers
v0x55582549b280_0 .net *"_ivl_143", 0 0, L_0x5558254a7200;  1 drivers
v0x55582549b360_0 .net *"_ivl_154", 0 0, L_0x5558254a8190;  1 drivers
v0x55582549b440_0 .net *"_ivl_165", 0 0, L_0x5558254a9150;  1 drivers
v0x55582549b520_0 .net *"_ivl_176", 0 0, L_0x5558254aa7f0;  1 drivers
v0x55582549b600_0 .net *"_ivl_187", 0 0, L_0x5558254ab580;  1 drivers
v0x55582549b6e0_0 .net *"_ivl_198", 0 0, L_0x5558254ac720;  1 drivers
v0x55582549b8d0_0 .net *"_ivl_209", 0 0, L_0x5558254ad610;  1 drivers
v0x55582549b9b0_0 .net *"_ivl_22", 0 0, L_0x55582549ed60;  1 drivers
v0x55582549ba90_0 .net *"_ivl_220", 0 0, L_0x5558254ae870;  1 drivers
v0x55582549bb70_0 .net *"_ivl_231", 0 0, L_0x5558254af800;  1 drivers
v0x55582549bc50_0 .net *"_ivl_242", 0 0, L_0x5558254b0b50;  1 drivers
v0x55582549bd30_0 .net *"_ivl_253", 0 0, L_0x5558254b1b80;  1 drivers
v0x55582549be10_0 .net *"_ivl_264", 0 0, L_0x5558254b2fc0;  1 drivers
v0x55582549bef0_0 .net *"_ivl_275", 0 0, L_0x5558254b4090;  1 drivers
v0x55582549bfd0_0 .net *"_ivl_286", 0 0, L_0x5558254b5530;  1 drivers
v0x55582549c0b0_0 .net *"_ivl_297", 0 0, L_0x5558254b5820;  1 drivers
v0x55582549c190_0 .net *"_ivl_308", 0 0, L_0x5558254b5f40;  1 drivers
v0x55582549c270_0 .net *"_ivl_319", 0 0, L_0x5558254b66c0;  1 drivers
v0x55582549c350_0 .net *"_ivl_33", 0 0, L_0x55582549ef10;  1 drivers
v0x55582549c430_0 .net *"_ivl_330", 0 0, L_0x5558254b70c0;  1 drivers
v0x55582549c510_0 .net *"_ivl_341", 0 0, L_0x5558254b85b0;  1 drivers
v0x55582549c5f0_0 .net *"_ivl_358", 0 0, L_0x5558254bbb60;  1 drivers
v0x55582549c8e0_0 .net *"_ivl_44", 0 0, L_0x5558254a0050;  1 drivers
v0x55582549c9c0_0 .net *"_ivl_55", 0 0, L_0x5558254a09f0;  1 drivers
v0x55582549caa0_0 .net *"_ivl_66", 0 0, L_0x5558254a15c0;  1 drivers
v0x55582549cb80_0 .net *"_ivl_77", 0 0, L_0x5558254a2310;  1 drivers
v0x55582549cc60_0 .net *"_ivl_88", 0 0, L_0x5558254a30c0;  1 drivers
v0x55582549cd40_0 .net *"_ivl_99", 0 0, L_0x5558254a3c90;  1 drivers
v0x55582549ce20_0 .net "carry_connector", 32 0, L_0x5558254b9cf0;  1 drivers
L_0x55582549da50 .part v0x55582549d080_0, 0, 1;
L_0x55582549db40 .part L_0x5558254b9cf0, 0, 1;
L_0x55582549e0d0 .part v0x55582549cfa0_0, 0, 1;
L_0x55582549e1c0 .part L_0x5558254b7890, 0, 1;
L_0x55582549e290 .part L_0x5558254b9cf0, 0, 1;
L_0x55582549e3f0 .part v0x55582549d080_0, 1, 1;
L_0x55582549e520 .part L_0x5558254b9cf0, 0, 1;
L_0x55582549ea80 .part v0x55582549cfa0_0, 1, 1;
L_0x55582549eb70 .part L_0x5558254b7890, 1, 1;
L_0x55582549ec60 .part L_0x5558254b9cf0, 1, 1;
L_0x55582549edd0 .part v0x55582549d080_0, 2, 1;
L_0x55582549ee70 .part L_0x5558254b9cf0, 0, 1;
L_0x55582549f3d0 .part v0x55582549cfa0_0, 2, 1;
L_0x55582549f470 .part L_0x5558254b7890, 2, 1;
L_0x55582549f590 .part L_0x5558254b9cf0, 2, 1;
L_0x55582549f660 .part v0x55582549d080_0, 3, 1;
L_0x55582549f790 .part L_0x5558254b9cf0, 0, 1;
L_0x55582549fd20 .part v0x55582549cfa0_0, 3, 1;
L_0x55582549fe60 .part L_0x5558254b7890, 3, 1;
L_0x55582549ff00 .part L_0x5558254b9cf0, 3, 1;
L_0x55582549fdc0 .part v0x55582549d080_0, 4, 1;
L_0x5558254a00f0 .part L_0x5558254b9cf0, 0, 1;
L_0x5558254a0740 .part v0x55582549cfa0_0, 4, 1;
L_0x5558254a07e0 .part L_0x5558254b7890, 4, 1;
L_0x5558254a0950 .part L_0x5558254b9cf0, 4, 1;
L_0x5558254a0a90 .part v0x55582549d080_0, 5, 1;
L_0x5558254a0c60 .part L_0x5558254b9cf0, 0, 1;
L_0x5558254a11f0 .part v0x55582549cfa0_0, 5, 1;
L_0x5558254a1380 .part L_0x5558254b7890, 5, 1;
L_0x5558254a1420 .part L_0x5558254b9cf0, 5, 1;
L_0x5558254a1660 .part v0x55582549d080_0, 6, 1;
L_0x5558254a1860 .part L_0x5558254b9cf0, 0, 1;
L_0x5558254a1f00 .part v0x55582549cfa0_0, 6, 1;
L_0x5558254a20b0 .part L_0x5558254b7890, 6, 1;
L_0x5558254a2270 .part L_0x5558254b9cf0, 6, 1;
L_0x5558254a23b0 .part v0x55582549d080_0, 7, 1;
L_0x5558254a2150 .part L_0x5558254b9cf0, 0, 1;
L_0x5558254a2a40 .part v0x55582549cfa0_0, 7, 1;
L_0x5558254a2c20 .part L_0x5558254b7890, 7, 1;
L_0x5558254a2cc0 .part L_0x5558254b9cf0, 7, 1;
L_0x5558254a3160 .part v0x55582549d080_0, 8, 1;
L_0x5558254a3250 .part L_0x5558254b9cf0, 0, 1;
L_0x5558254a3940 .part v0x55582549cfa0_0, 8, 1;
L_0x5558254a39e0 .part L_0x5558254b7890, 8, 1;
L_0x5558254a3bf0 .part L_0x5558254b9cf0, 8, 1;
L_0x5558254a3d30 .part v0x55582549d080_0, 9, 1;
L_0x5558254a3fa0 .part L_0x5558254b9cf0, 0, 1;
L_0x5558254a44a0 .part v0x55582549cfa0_0, 9, 1;
L_0x5558254a46d0 .part L_0x5558254b7890, 9, 1;
L_0x5558254a4770 .part L_0x5558254b9cf0, 9, 1;
L_0x5558254a4a20 .part v0x55582549d080_0, 10, 1;
L_0x5558254a4b10 .part L_0x5558254b9cf0, 0, 1;
L_0x5558254a52b0 .part v0x55582549cfa0_0, 10, 1;
L_0x5558254a5350 .part L_0x5558254b7890, 10, 1;
L_0x5558254a55b0 .part L_0x5558254b9cf0, 10, 1;
L_0x5558254a56f0 .part v0x55582549d080_0, 11, 1;
L_0x5558254a59b0 .part L_0x5558254b9cf0, 0, 1;
L_0x5558254a5f40 .part v0x55582549cfa0_0, 11, 1;
L_0x5558254a61c0 .part L_0x5558254b7890, 11, 1;
L_0x5558254a6260 .part L_0x5558254b9cf0, 11, 1;
L_0x5558254a6590 .part v0x55582549d080_0, 12, 1;
L_0x5558254a6680 .part L_0x5558254b9cf0, 0, 1;
L_0x5558254a6e10 .part v0x55582549cfa0_0, 12, 1;
L_0x5558254a6eb0 .part L_0x5558254b7890, 12, 1;
L_0x5558254a7160 .part L_0x5558254b9cf0, 12, 1;
L_0x5558254a72a0 .part v0x55582549d080_0, 13, 1;
L_0x5558254a75b0 .part L_0x5558254b9cf0, 0, 1;
L_0x5558254a7b40 .part v0x55582549cfa0_0, 13, 1;
L_0x5558254a7e10 .part L_0x5558254b7890, 13, 1;
L_0x5558254a7eb0 .part L_0x5558254b9cf0, 13, 1;
L_0x5558254a8230 .part v0x55582549d080_0, 14, 1;
L_0x5558254a8320 .part L_0x5558254b9cf0, 0, 1;
L_0x5558254a8b00 .part v0x55582549cfa0_0, 14, 1;
L_0x5558254a8db0 .part L_0x5558254b7890, 14, 1;
L_0x5558254a90b0 .part L_0x5558254b9cf0, 14, 1;
L_0x5558254a91f0 .part v0x55582549d080_0, 15, 1;
L_0x5558254a9550 .part L_0x5558254b9cf0, 0, 1;
L_0x5558254a9ae0 .part v0x55582549cfa0_0, 15, 1;
L_0x5558254a9e00 .part L_0x5558254b7890, 15, 1;
L_0x5558254aa0b0 .part L_0x5558254b9cf0, 15, 1;
L_0x5558254aa860 .part v0x55582549d080_0, 16, 1;
L_0x5558254aa950 .part L_0x5558254b9cf0, 0, 1;
L_0x5558254ab0f0 .part v0x55582549cfa0_0, 16, 1;
L_0x5558254ab190 .part L_0x5558254b7890, 16, 1;
L_0x5558254ab4e0 .part L_0x5558254b9cf0, 16, 1;
L_0x5558254ab5f0 .part v0x55582549d080_0, 17, 1;
L_0x5558254ab9a0 .part L_0x5558254b9cf0, 0, 1;
L_0x5558254abf90 .part v0x55582549cfa0_0, 17, 1;
L_0x5558254ac300 .part L_0x5558254b7890, 17, 1;
L_0x5558254ac3a0 .part L_0x5558254b9cf0, 17, 1;
L_0x5558254ac7c0 .part v0x55582549d080_0, 18, 1;
L_0x5558254ac8b0 .part L_0x5558254b9cf0, 0, 1;
L_0x5558254ad130 .part v0x55582549cfa0_0, 18, 1;
L_0x5558254ad1d0 .part L_0x5558254b7890, 18, 1;
L_0x5558254ad570 .part L_0x5558254b9cf0, 18, 1;
L_0x5558254ad6b0 .part v0x55582549d080_0, 19, 1;
L_0x5558254adab0 .part L_0x5558254b9cf0, 0, 1;
L_0x5558254ae040 .part v0x55582549cfa0_0, 19, 1;
L_0x5558254ae400 .part L_0x5558254b7890, 19, 1;
L_0x5558254ae4a0 .part L_0x5558254b9cf0, 19, 1;
L_0x5558254ae910 .part v0x55582549d080_0, 20, 1;
L_0x5558254aea00 .part L_0x5558254b9cf0, 0, 1;
L_0x5558254af2d0 .part v0x55582549cfa0_0, 20, 1;
L_0x5558254af370 .part L_0x5558254b7890, 20, 1;
L_0x5558254af760 .part L_0x5558254b9cf0, 20, 1;
L_0x5558254af8a0 .part v0x55582549d080_0, 21, 1;
L_0x5558254afcf0 .part L_0x5558254b9cf0, 0, 1;
L_0x5558254b0280 .part v0x55582549cfa0_0, 21, 1;
L_0x5558254b0690 .part L_0x5558254b7890, 21, 1;
L_0x5558254b0730 .part L_0x5558254b9cf0, 21, 1;
L_0x5558254b0bf0 .part v0x55582549d080_0, 22, 1;
L_0x5558254b0ce0 .part L_0x5558254b9cf0, 0, 1;
L_0x5558254b1600 .part v0x55582549cfa0_0, 22, 1;
L_0x5558254b16a0 .part L_0x5558254b7890, 22, 1;
L_0x5558254b1ae0 .part L_0x5558254b9cf0, 22, 1;
L_0x5558254b1c20 .part v0x55582549d080_0, 23, 1;
L_0x5558254b20c0 .part L_0x5558254b9cf0, 0, 1;
L_0x5558254b2650 .part v0x55582549cfa0_0, 23, 1;
L_0x5558254b2ab0 .part L_0x5558254b7890, 23, 1;
L_0x5558254b2b50 .part L_0x5558254b9cf0, 23, 1;
L_0x5558254b3060 .part v0x55582549d080_0, 24, 1;
L_0x5558254b3150 .part L_0x5558254b9cf0, 0, 1;
L_0x5558254b3ac0 .part v0x55582549cfa0_0, 24, 1;
L_0x5558254b3b60 .part L_0x5558254b7890, 24, 1;
L_0x5558254b3ff0 .part L_0x5558254b9cf0, 24, 1;
L_0x5558254b4130 .part v0x55582549d080_0, 25, 1;
L_0x5558254b4620 .part L_0x5558254b9cf0, 0, 1;
L_0x5558254b4b20 .part v0x55582549cfa0_0, 25, 1;
L_0x5558254b4fd0 .part L_0x5558254b7890, 25, 1;
L_0x5558254b5070 .part L_0x5558254b9cf0, 25, 1;
L_0x5558254b55a0 .part v0x55582549d080_0, 26, 1;
L_0x5558254b5690 .part L_0x5558254b9cf0, 0, 1;
L_0x5558254b5cc0 .part v0x55582549cfa0_0, 26, 1;
L_0x5558254b5d60 .part L_0x5558254b7890, 26, 1;
L_0x5558254b5780 .part L_0x5558254b9cf0, 26, 1;
L_0x5558254b5890 .part v0x55582549d080_0, 27, 1;
L_0x5558254b5980 .part L_0x5558254b9cf0, 0, 1;
L_0x5558254b6580 .part v0x55582549cfa0_0, 27, 1;
L_0x5558254b5e00 .part L_0x5558254b7890, 27, 1;
L_0x5558254b5ea0 .part L_0x5558254b9cf0, 27, 1;
L_0x5558254b5fe0 .part v0x55582549d080_0, 28, 1;
L_0x5558254b60d0 .part L_0x5558254b9cf0, 0, 1;
L_0x5558254b6e40 .part v0x55582549cfa0_0, 28, 1;
L_0x5558254b6ee0 .part L_0x5558254b7890, 28, 1;
L_0x5558254b6620 .part L_0x5558254b9cf0, 28, 1;
L_0x5558254b6790 .part v0x55582549d080_0, 29, 1;
L_0x5558254b6880 .part L_0x5558254b9cf0, 0, 1;
L_0x5558254b7750 .part v0x55582549cfa0_0, 29, 1;
L_0x5558254b6f80 .part L_0x5558254b7890, 29, 1;
L_0x5558254b7020 .part L_0x5558254b9cf0, 29, 1;
L_0x5558254b7190 .part v0x55582549d080_0, 30, 1;
L_0x5558254b7280 .part L_0x5558254b9cf0, 0, 1;
L_0x5558254b8060 .part v0x55582549cfa0_0, 30, 1;
L_0x5558254b8510 .part L_0x5558254b7890, 30, 1;
L_0x5558254b77f0 .part L_0x5558254b9cf0, 30, 1;
LS_0x5558254b7890_0_0 .concat8 [ 1 1 1 1], L_0x55582549d960, L_0x55582549e380, L_0x55582549ed60, L_0x55582549ef10;
LS_0x5558254b7890_0_4 .concat8 [ 1 1 1 1], L_0x5558254a0050, L_0x5558254a09f0, L_0x5558254a15c0, L_0x5558254a2310;
LS_0x5558254b7890_0_8 .concat8 [ 1 1 1 1], L_0x5558254a30c0, L_0x5558254a3c90, L_0x5558254a49b0, L_0x5558254a5650;
LS_0x5558254b7890_0_12 .concat8 [ 1 1 1 1], L_0x5558254a64f0, L_0x5558254a7200, L_0x5558254a8190, L_0x5558254a9150;
LS_0x5558254b7890_0_16 .concat8 [ 1 1 1 1], L_0x5558254aa7f0, L_0x5558254ab580, L_0x5558254ac720, L_0x5558254ad610;
LS_0x5558254b7890_0_20 .concat8 [ 1 1 1 1], L_0x5558254ae870, L_0x5558254af800, L_0x5558254b0b50, L_0x5558254b1b80;
LS_0x5558254b7890_0_24 .concat8 [ 1 1 1 1], L_0x5558254b2fc0, L_0x5558254b4090, L_0x5558254b5530, L_0x5558254b5820;
LS_0x5558254b7890_0_28 .concat8 [ 1 1 1 1], L_0x5558254b5f40, L_0x5558254b66c0, L_0x5558254b70c0, L_0x5558254b85b0;
LS_0x5558254b7890_1_0 .concat8 [ 4 4 4 4], LS_0x5558254b7890_0_0, LS_0x5558254b7890_0_4, LS_0x5558254b7890_0_8, LS_0x5558254b7890_0_12;
LS_0x5558254b7890_1_4 .concat8 [ 4 4 4 4], LS_0x5558254b7890_0_16, LS_0x5558254b7890_0_20, LS_0x5558254b7890_0_24, LS_0x5558254b7890_0_28;
L_0x5558254b7890 .concat8 [ 16 16 0 0], LS_0x5558254b7890_1_0, LS_0x5558254b7890_1_4;
L_0x5558254b8670 .part v0x55582549d080_0, 31, 1;
L_0x5558254b8760 .part L_0x5558254b9cf0, 0, 1;
L_0x5558254b9bb0 .part v0x55582549cfa0_0, 31, 1;
L_0x5558254b9c50 .part L_0x5558254b7890, 31, 1;
L_0x5558254b94e0 .part L_0x5558254b9cf0, 31, 1;
LS_0x5558254b9580_0_0 .concat8 [ 1 1 1 1], L_0x55582549de10, L_0x55582549e7c0, L_0x55582549f110, L_0x55582549fa60;
LS_0x5558254b9580_0_4 .concat8 [ 1 1 1 1], L_0x5558254a0480, L_0x5558254a0f30, L_0x5558254a1c40, L_0x5558254a2780;
LS_0x5558254b9580_0_8 .concat8 [ 1 1 1 1], L_0x5558254a3680, L_0x5558254a4210, L_0x5558254a4fc0, L_0x5558254a5c80;
LS_0x5558254b9580_0_12 .concat8 [ 1 1 1 1], L_0x5558254a6b50, L_0x5558254a7880, L_0x5558254a8840, L_0x5558254a9820;
LS_0x5558254b9580_0_16 .concat8 [ 1 1 1 1], L_0x5558254aae60, L_0x5558254abc70, L_0x5558254ace70, L_0x5558254add80;
LS_0x5558254b9580_0_20 .concat8 [ 1 1 1 1], L_0x5558254af010, L_0x5558254affc0, L_0x5558254b1340, L_0x5558254b2390;
LS_0x5558254b9580_0_24 .concat8 [ 1 1 1 1], L_0x5558254b3800, L_0x5558254b4890, L_0x5558254b5350, L_0x5558254b62f0;
LS_0x5558254b9580_0_28 .concat8 [ 1 1 1 1], L_0x5558254b6bb0, L_0x5558254b74c0, L_0x5558254b7dd0, L_0x5558254b89d0;
LS_0x5558254b9580_1_0 .concat8 [ 4 4 4 4], LS_0x5558254b9580_0_0, LS_0x5558254b9580_0_4, LS_0x5558254b9580_0_8, LS_0x5558254b9580_0_12;
LS_0x5558254b9580_1_4 .concat8 [ 4 4 4 4], LS_0x5558254b9580_0_16, LS_0x5558254b9580_0_20, LS_0x5558254b9580_0_24, LS_0x5558254b9580_0_28;
L_0x5558254b9580 .concat8 [ 16 16 0 0], LS_0x5558254b9580_1_0, LS_0x5558254b9580_1_4;
LS_0x5558254b9cf0_0_0 .concat8 [ 1 1 1 1], L_0x5558254bbb60, L_0x55582549dfc0, L_0x55582549e970, L_0x55582549f2c0;
LS_0x5558254b9cf0_0_4 .concat8 [ 1 1 1 1], L_0x55582549fc10, L_0x5558254a0630, L_0x5558254a10e0, L_0x5558254a1df0;
LS_0x5558254b9cf0_0_8 .concat8 [ 1 1 1 1], L_0x5558254a2930, L_0x5558254a3830, L_0x5558254a4390, L_0x5558254a51a0;
LS_0x5558254b9cf0_0_12 .concat8 [ 1 1 1 1], L_0x5558254a5e30, L_0x5558254a6d00, L_0x5558254a7a30, L_0x5558254a89f0;
LS_0x5558254b9cf0_0_16 .concat8 [ 1 1 1 1], L_0x5558254a99d0, L_0x5558254aafe0, L_0x5558254abe80, L_0x5558254ad020;
LS_0x5558254b9cf0_0_20 .concat8 [ 1 1 1 1], L_0x5558254adf30, L_0x5558254af1c0, L_0x5558254b0170, L_0x5558254b14f0;
LS_0x5558254b9cf0_0_24 .concat8 [ 1 1 1 1], L_0x5558254b2540, L_0x5558254b39b0, L_0x5558254b4a10, L_0x5558254b5bb0;
LS_0x5558254b9cf0_0_28 .concat8 [ 1 1 1 1], L_0x5558254b6470, L_0x5558254b6d30, L_0x5558254b7640, L_0x5558254b7f50;
LS_0x5558254b9cf0_0_32 .concat8 [ 1 0 0 0], L_0x5558254b9aa0;
LS_0x5558254b9cf0_1_0 .concat8 [ 4 4 4 4], LS_0x5558254b9cf0_0_0, LS_0x5558254b9cf0_0_4, LS_0x5558254b9cf0_0_8, LS_0x5558254b9cf0_0_12;
LS_0x5558254b9cf0_1_4 .concat8 [ 4 4 4 4], LS_0x5558254b9cf0_0_16, LS_0x5558254b9cf0_0_20, LS_0x5558254b9cf0_0_24, LS_0x5558254b9cf0_0_28;
LS_0x5558254b9cf0_1_8 .concat8 [ 1 0 0 0], LS_0x5558254b9cf0_0_32;
L_0x5558254b9cf0 .concat8 [ 16 16 1 0], LS_0x5558254b9cf0_1_0, LS_0x5558254b9cf0_1_4, LS_0x5558254b9cf0_1_8;
L_0x5558254bbc20 .part L_0x5558254b9cf0, 32, 1;
S_0x555825470780 .scope generate, "ripple[0]" "ripple[0]" 3 17, 3 17 0, S_0x55582546f380;
 .timescale 0 0;
P_0x55582544fb90 .param/l "i" 1 3 17, +C4<00>;
L_0x55582549d960 .functor XOR 1, L_0x55582549da50, L_0x55582549db40, C4<0>, C4<0>;
v0x55582547f6c0_0 .net *"_ivl_1", 0 0, L_0x55582549da50;  1 drivers
v0x55582547f7c0_0 .net *"_ivl_2", 0 0, L_0x55582549db40;  1 drivers
S_0x555825432030 .scope module, "full_adder" "full_adder_LL_nodelay" 3 19, 4 1 0, S_0x555825470780;
 .timescale 0 0;
    .port_info 0 /INPUT 1 "A";
    .port_info 1 /INPUT 1 "B";
    .port_info 2 /INPUT 1 "Cin";
    .port_info 3 /OUTPUT 1 "S";
    .port_info 4 /OUTPUT 1 "Cout";
L_0x55582549dc30 .functor XOR 1, L_0x55582549e1c0, L_0x55582549e0d0, C4<0>, C4<0>;
L_0x55582549dcd0 .functor AND 1, L_0x55582549e1c0, L_0x55582549e0d0, C4<1>, C4<1>;
L_0x55582549de10 .functor XOR 1, L_0x55582549e290, L_0x55582549dc30, C4<0>, C4<0>;
L_0x55582549ded0 .functor AND 1, L_0x55582549e290, L_0x55582549dc30, C4<1>, C4<1>;
L_0x55582549dfc0 .functor OR 1, L_0x55582549dcd0, L_0x55582549ded0, C4<0>, C4<0>;
v0x55582546ae20_0 .net "A", 0 0, L_0x55582549e0d0;  1 drivers
v0x555825434ad0_0 .net "B", 0 0, L_0x55582549e1c0;  1 drivers
v0x55582542dbf0_0 .net "Cin", 0 0, L_0x55582549e290;  1 drivers
v0x55582542b800_0 .net "Cout", 0 0, L_0x55582549dfc0;  1 drivers
v0x55582546d890_0 .net "S", 0 0, L_0x55582549de10;  1 drivers
v0x55582546b440_0 .net "aandb", 0 0, L_0x55582549dcd0;  1 drivers
v0x555825468ff0_0 .net "axorb", 0 0, L_0x55582549dc30;  1 drivers
v0x55582547f560_0 .net "axorbandcin", 0 0, L_0x55582549ded0;  1 drivers
S_0x5558254343f0 .scope generate, "ripple[1]" "ripple[1]" 3 17, 3 17 0, S_0x55582546f380;
 .timescale 0 0;
P_0x55582547f8e0 .param/l "i" 1 3 17, +C4<01>;
L_0x55582549e380 .functor XOR 1, L_0x55582549e3f0, L_0x55582549e520, C4<0>, C4<0>;
v0x5558254800e0_0 .net *"_ivl_1", 0 0, L_0x55582549e3f0;  1 drivers
v0x5558254801e0_0 .net *"_ivl_2", 0 0, L_0x55582549e520;  1 drivers
S_0x5558254367b0 .scope module, "full_adder" "full_adder_LL_nodelay" 3 19, 4 1 0, S_0x5558254343f0;
 .timescale 0 0;
    .port_info 0 /INPUT 1 "A";
    .port_info 1 /INPUT 1 "B";
    .port_info 2 /INPUT 1 "Cin";
    .port_info 3 /OUTPUT 1 "S";
    .port_info 4 /OUTPUT 1 "Cout";
L_0x55582549e610 .functor XOR 1, L_0x55582549eb70, L_0x55582549ea80, C4<0>, C4<0>;
L_0x55582549e680 .functor AND 1, L_0x55582549eb70, L_0x55582549ea80, C4<1>, C4<1>;
L_0x55582549e7c0 .functor XOR 1, L_0x55582549ec60, L_0x55582549e610, C4<0>, C4<0>;
L_0x55582549e880 .functor AND 1, L_0x55582549ec60, L_0x55582549e610, C4<1>, C4<1>;
L_0x55582549e970 .functor OR 1, L_0x55582549e680, L_0x55582549e880, C4<0>, C4<0>;
v0x55582547f9f0_0 .net "A", 0 0, L_0x55582549ea80;  1 drivers
v0x55582547fad0_0 .net "B", 0 0, L_0x55582549eb70;  1 drivers
v0x55582547fb90_0 .net "Cin", 0 0, L_0x55582549ec60;  1 drivers
v0x55582547fc30_0 .net "Cout", 0 0, L_0x55582549e970;  1 drivers
v0x55582547fcf0_0 .net "S", 0 0, L_0x55582549e7c0;  1 drivers
v0x55582547fe00_0 .net "aandb", 0 0, L_0x55582549e680;  1 drivers
v0x55582547fec0_0 .net "axorb", 0 0, L_0x55582549e610;  1 drivers
v0x55582547ff80_0 .net "axorbandcin", 0 0, L_0x55582549e880;  1 drivers
S_0x555825438c00 .scope generate, "ripple[2]" "ripple[2]" 3 17, 3 17 0, S_0x55582546f380;
 .timescale 0 0;
P_0x555825480330 .param/l "i" 1 3 17, +C4<010>;
L_0x55582549ed60 .functor XOR 1, L_0x55582549edd0, L_0x55582549ee70, C4<0>, C4<0>;
v0x555825480b60_0 .net *"_ivl_1", 0 0, L_0x55582549edd0;  1 drivers
v0x555825480c60_0 .net *"_ivl_2", 0 0, L_0x55582549ee70;  1 drivers
S_0x55582543b050 .scope module, "full_adder" "full_adder_LL_nodelay" 3 19, 4 1 0, S_0x555825438c00;
 .timescale 0 0;
    .port_info 0 /INPUT 1 "A";
    .port_info 1 /INPUT 1 "B";
    .port_info 2 /INPUT 1 "Cin";
    .port_info 3 /OUTPUT 1 "S";
    .port_info 4 /OUTPUT 1 "Cout";
L_0x55582549ef80 .functor XOR 1, L_0x55582549f470, L_0x55582549f3d0, C4<0>, C4<0>;
L_0x55582549f020 .functor AND 1, L_0x55582549f470, L_0x55582549f3d0, C4<1>, C4<1>;
L_0x55582549f110 .functor XOR 1, L_0x55582549f590, L_0x55582549ef80, C4<0>, C4<0>;
L_0x55582549f1d0 .functor AND 1, L_0x55582549f590, L_0x55582549ef80, C4<1>, C4<1>;
L_0x55582549f2c0 .functor OR 1, L_0x55582549f020, L_0x55582549f1d0, C4<0>, C4<0>;
v0x555825480440_0 .net "A", 0 0, L_0x55582549f3d0;  1 drivers
v0x555825480520_0 .net "B", 0 0, L_0x55582549f470;  1 drivers
v0x5558254805e0_0 .net "Cin", 0 0, L_0x55582549f590;  1 drivers
v0x5558254806b0_0 .net "Cout", 0 0, L_0x55582549f2c0;  1 drivers
v0x555825480770_0 .net "S", 0 0, L_0x55582549f110;  1 drivers
v0x555825480880_0 .net "aandb", 0 0, L_0x55582549f020;  1 drivers
v0x555825480940_0 .net "axorb", 0 0, L_0x55582549ef80;  1 drivers
v0x555825480a00_0 .net "axorbandcin", 0 0, L_0x55582549f1d0;  1 drivers
S_0x555825480d40 .scope generate, "ripple[3]" "ripple[3]" 3 17, 3 17 0, S_0x55582546f380;
 .timescale 0 0;
P_0x555825480f40 .param/l "i" 1 3 17, +C4<011>;
L_0x55582549ef10 .functor XOR 1, L_0x55582549f660, L_0x55582549f790, C4<0>, C4<0>;
v0x555825481920_0 .net *"_ivl_1", 0 0, L_0x55582549f660;  1 drivers
v0x555825481a20_0 .net *"_ivl_2", 0 0, L_0x55582549f790;  1 drivers
S_0x555825481020 .scope module, "full_adder" "full_adder_LL_nodelay" 3 19, 4 1 0, S_0x555825480d40;
 .timescale 0 0;
    .port_info 0 /INPUT 1 "A";
    .port_info 1 /INPUT 1 "B";
    .port_info 2 /INPUT 1 "Cin";
    .port_info 3 /OUTPUT 1 "S";
    .port_info 4 /OUTPUT 1 "Cout";
L_0x55582549f880 .functor XOR 1, L_0x55582549fe60, L_0x55582549fd20, C4<0>, C4<0>;
L_0x55582549f920 .functor AND 1, L_0x55582549fe60, L_0x55582549fd20, C4<1>, C4<1>;
L_0x55582549fa60 .functor XOR 1, L_0x55582549ff00, L_0x55582549f880, C4<0>, C4<0>;
L_0x55582549fb20 .functor AND 1, L_0x55582549ff00, L_0x55582549f880, C4<1>, C4<1>;
L_0x55582549fc10 .functor OR 1, L_0x55582549f920, L_0x55582549fb20, C4<0>, C4<0>;
v0x555825481200_0 .net "A", 0 0, L_0x55582549fd20;  1 drivers
v0x5558254812e0_0 .net "B", 0 0, L_0x55582549fe60;  1 drivers
v0x5558254813a0_0 .net "Cin", 0 0, L_0x55582549ff00;  1 drivers
v0x555825481470_0 .net "Cout", 0 0, L_0x55582549fc10;  1 drivers
v0x555825481530_0 .net "S", 0 0, L_0x55582549fa60;  1 drivers
v0x555825481640_0 .net "aandb", 0 0, L_0x55582549f920;  1 drivers
v0x555825481700_0 .net "axorb", 0 0, L_0x55582549f880;  1 drivers
v0x5558254817c0_0 .net "axorbandcin", 0 0, L_0x55582549fb20;  1 drivers
S_0x555825481b00 .scope generate, "ripple[4]" "ripple[4]" 3 17, 3 17 0, S_0x55582546f380;
 .timescale 0 0;
P_0x555825481d50 .param/l "i" 1 3 17, +C4<0100>;
L_0x5558254a0050 .functor XOR 1, L_0x55582549fdc0, L_0x5558254a00f0, C4<0>, C4<0>;
v0x555825482700_0 .net *"_ivl_1", 0 0, L_0x55582549fdc0;  1 drivers
v0x555825482800_0 .net *"_ivl_2", 0 0, L_0x5558254a00f0;  1 drivers
S_0x555825481e30 .scope module, "full_adder" "full_adder_LL_nodelay" 3 19, 4 1 0, S_0x555825481b00;
 .timescale 0 0;
    .port_info 0 /INPUT 1 "A";
    .port_info 1 /INPUT 1 "B";
    .port_info 2 /INPUT 1 "Cin";
    .port_info 3 /OUTPUT 1 "S";
    .port_info 4 /OUTPUT 1 "Cout";
L_0x5558254a02a0 .functor XOR 1, L_0x5558254a07e0, L_0x5558254a0740, C4<0>, C4<0>;
L_0x5558254a0340 .functor AND 1, L_0x5558254a07e0, L_0x5558254a0740, C4<1>, C4<1>;
L_0x5558254a0480 .functor XOR 1, L_0x5558254a0950, L_0x5558254a02a0, C4<0>, C4<0>;
L_0x5558254a0540 .functor AND 1, L_0x5558254a0950, L_0x5558254a02a0, C4<1>, C4<1>;
L_0x5558254a0630 .functor OR 1, L_0x5558254a0340, L_0x5558254a0540, C4<0>, C4<0>;
v0x555825482010_0 .net "A", 0 0, L_0x5558254a0740;  1 drivers
v0x5558254820f0_0 .net "B", 0 0, L_0x5558254a07e0;  1 drivers
v0x5558254821b0_0 .net "Cin", 0 0, L_0x5558254a0950;  1 drivers
v0x555825482250_0 .net "Cout", 0 0, L_0x5558254a0630;  1 drivers
v0x555825482310_0 .net "S", 0 0, L_0x5558254a0480;  1 drivers
v0x555825482420_0 .net "aandb", 0 0, L_0x5558254a0340;  1 drivers
v0x5558254824e0_0 .net "axorb", 0 0, L_0x5558254a02a0;  1 drivers
v0x5558254825a0_0 .net "axorbandcin", 0 0, L_0x5558254a0540;  1 drivers
S_0x5558254828e0 .scope generate, "ripple[5]" "ripple[5]" 3 17, 3 17 0, S_0x55582546f380;
 .timescale 0 0;
P_0x555825482ae0 .param/l "i" 1 3 17, +C4<0101>;
L_0x5558254a09f0 .functor XOR 1, L_0x5558254a0a90, L_0x5558254a0c60, C4<0>, C4<0>;
v0x5558254834c0_0 .net *"_ivl_1", 0 0, L_0x5558254a0a90;  1 drivers
v0x5558254835c0_0 .net *"_ivl_2", 0 0, L_0x5558254a0c60;  1 drivers
S_0x555825482bc0 .scope module, "full_adder" "full_adder_LL_nodelay" 3 19, 4 1 0, S_0x5558254828e0;
 .timescale 0 0;
    .port_info 0 /INPUT 1 "A";
    .port_info 1 /INPUT 1 "B";
    .port_info 2 /INPUT 1 "Cin";
    .port_info 3 /OUTPUT 1 "S";
    .port_info 4 /OUTPUT 1 "Cout";
L_0x5558254a0d50 .functor XOR 1, L_0x5558254a1380, L_0x5558254a11f0, C4<0>, C4<0>;
L_0x5558254a0df0 .functor AND 1, L_0x5558254a1380, L_0x5558254a11f0, C4<1>, C4<1>;
L_0x5558254a0f30 .functor XOR 1, L_0x5558254a1420, L_0x5558254a0d50, C4<0>, C4<0>;
L_0x5558254a0ff0 .functor AND 1, L_0x5558254a1420, L_0x5558254a0d50, C4<1>, C4<1>;
L_0x5558254a10e0 .functor OR 1, L_0x5558254a0df0, L_0x5558254a0ff0, C4<0>, C4<0>;
v0x555825482da0_0 .net "A", 0 0, L_0x5558254a11f0;  1 drivers
v0x555825482e80_0 .net "B", 0 0, L_0x5558254a1380;  1 drivers
v0x555825482f40_0 .net "Cin", 0 0, L_0x5558254a1420;  1 drivers
v0x555825483010_0 .net "Cout", 0 0, L_0x5558254a10e0;  1 drivers
v0x5558254830d0_0 .net "S", 0 0, L_0x5558254a0f30;  1 drivers
v0x5558254831e0_0 .net "aandb", 0 0, L_0x5558254a0df0;  1 drivers
v0x5558254832a0_0 .net "axorb", 0 0, L_0x5558254a0d50;  1 drivers
v0x555825483360_0 .net "axorbandcin", 0 0, L_0x5558254a0ff0;  1 drivers
S_0x5558254836a0 .scope generate, "ripple[6]" "ripple[6]" 3 17, 3 17 0, S_0x55582546f380;
 .timescale 0 0;
P_0x5558254838a0 .param/l "i" 1 3 17, +C4<0110>;
L_0x5558254a15c0 .functor XOR 1, L_0x5558254a1660, L_0x5558254a1860, C4<0>, C4<0>;
v0x555825484300_0 .net *"_ivl_1", 0 0, L_0x5558254a1660;  1 drivers
v0x555825484400_0 .net *"_ivl_2", 0 0, L_0x5558254a1860;  1 drivers
S_0x555825483980 .scope module, "full_adder" "full_adder_LL_nodelay" 3 19, 4 1 0, S_0x5558254836a0;
 .timescale 0 0;
    .port_info 0 /INPUT 1 "A";
    .port_info 1 /INPUT 1 "B";
    .port_info 2 /INPUT 1 "Cin";
    .port_info 3 /OUTPUT 1 "S";
    .port_info 4 /OUTPUT 1 "Cout";
L_0x5558254a1a60 .functor XOR 1, L_0x5558254a20b0, L_0x5558254a1f00, C4<0>, C4<0>;
L_0x5558254a1b00 .functor AND 1, L_0x5558254a20b0, L_0x5558254a1f00, C4<1>, C4<1>;
L_0x5558254a1c40 .functor XOR 1, L_0x5558254a2270, L_0x5558254a1a60, C4<0>, C4<0>;
L_0x5558254a1d00 .functor AND 1, L_0x5558254a2270, L_0x5558254a1a60, C4<1>, C4<1>;
L_0x5558254a1df0 .functor OR 1, L_0x5558254a1b00, L_0x5558254a1d00, C4<0>, C4<0>;
v0x555825483be0_0 .net "A", 0 0, L_0x5558254a1f00;  1 drivers
v0x555825483cc0_0 .net "B", 0 0, L_0x5558254a20b0;  1 drivers
v0x555825483d80_0 .net "Cin", 0 0, L_0x5558254a2270;  1 drivers
v0x555825483e50_0 .net "Cout", 0 0, L_0x5558254a1df0;  1 drivers
v0x555825483f10_0 .net "S", 0 0, L_0x5558254a1c40;  1 drivers
v0x555825484020_0 .net "aandb", 0 0, L_0x5558254a1b00;  1 drivers
v0x5558254840e0_0 .net "axorb", 0 0, L_0x5558254a1a60;  1 drivers
v0x5558254841a0_0 .net "axorbandcin", 0 0, L_0x5558254a1d00;  1 drivers
S_0x5558254844e0 .scope generate, "ripple[7]" "ripple[7]" 3 17, 3 17 0, S_0x55582546f380;
 .timescale 0 0;
P_0x5558254846e0 .param/l "i" 1 3 17, +C4<0111>;
L_0x5558254a2310 .functor XOR 1, L_0x5558254a23b0, L_0x5558254a2150, C4<0>, C4<0>;
v0x555825485140_0 .net *"_ivl_1", 0 0, L_0x5558254a23b0;  1 drivers
v0x555825485240_0 .net *"_ivl_2", 0 0, L_0x5558254a2150;  1 drivers
S_0x5558254847c0 .scope module, "full_adder" "full_adder_LL_nodelay" 3 19, 4 1 0, S_0x5558254844e0;
 .timescale 0 0;
    .port_info 0 /INPUT 1 "A";
    .port_info 1 /INPUT 1 "B";
    .port_info 2 /INPUT 1 "Cin";
    .port_info 3 /OUTPUT 1 "S";
    .port_info 4 /OUTPUT 1 "Cout";
L_0x5558254a25d0 .functor XOR 1, L_0x5558254a2c20, L_0x5558254a2a40, C4<0>, C4<0>;
L_0x5558254a2640 .functor AND 1, L_0x5558254a2c20, L_0x5558254a2a40, C4<1>, C4<1>;
L_0x5558254a2780 .functor XOR 1, L_0x5558254a2cc0, L_0x5558254a25d0, C4<0>, C4<0>;
L_0x5558254a2840 .functor AND 1, L_0x5558254a2cc0, L_0x5558254a25d0, C4<1>, C4<1>;
L_0x5558254a2930 .functor OR 1, L_0x5558254a2640, L_0x5558254a2840, C4<0>, C4<0>;
v0x555825484a20_0 .net "A", 0 0, L_0x5558254a2a40;  1 drivers
v0x555825484b00_0 .net "B", 0 0, L_0x5558254a2c20;  1 drivers
v0x555825484bc0_0 .net "Cin", 0 0, L_0x5558254a2cc0;  1 drivers
v0x555825484c90_0 .net "Cout", 0 0, L_0x5558254a2930;  1 drivers
v0x555825484d50_0 .net "S", 0 0, L_0x5558254a2780;  1 drivers
v0x555825484e60_0 .net "aandb", 0 0, L_0x5558254a2640;  1 drivers
v0x555825484f20_0 .net "axorb", 0 0, L_0x5558254a25d0;  1 drivers
v0x555825484fe0_0 .net "axorbandcin", 0 0, L_0x5558254a2840;  1 drivers
S_0x555825485320 .scope generate, "ripple[8]" "ripple[8]" 3 17, 3 17 0, S_0x55582546f380;
 .timescale 0 0;
P_0x555825481d00 .param/l "i" 1 3 17, +C4<01000>;
L_0x5558254a30c0 .functor XOR 1, L_0x5558254a3160, L_0x5558254a3250, C4<0>, C4<0>;
v0x555825485f30_0 .net *"_ivl_1", 0 0, L_0x5558254a3160;  1 drivers
v0x555825486030_0 .net *"_ivl_2", 0 0, L_0x5558254a3250;  1 drivers
S_0x5558254855b0 .scope module, "full_adder" "full_adder_LL_nodelay" 3 19, 4 1 0, S_0x555825485320;
 .timescale 0 0;
    .port_info 0 /INPUT 1 "A";
    .port_info 1 /INPUT 1 "B";
    .port_info 2 /INPUT 1 "Cin";
    .port_info 3 /OUTPUT 1 "S";
    .port_info 4 /OUTPUT 1 "Cout";
L_0x5558254a34a0 .functor XOR 1, L_0x5558254a39e0, L_0x5558254a3940, C4<0>, C4<0>;
L_0x5558254a3540 .functor AND 1, L_0x5558254a39e0, L_0x5558254a3940, C4<1>, C4<1>;
L_0x5558254a3680 .functor XOR 1, L_0x5558254a3bf0, L_0x5558254a34a0, C4<0>, C4<0>;
L_0x5558254a3740 .functor AND 1, L_0x5558254a3bf0, L_0x5558254a34a0, C4<1>, C4<1>;
L_0x5558254a3830 .functor OR 1, L_0x5558254a3540, L_0x5558254a3740, C4<0>, C4<0>;
v0x555825485810_0 .net "A", 0 0, L_0x5558254a3940;  1 drivers
v0x5558254858f0_0 .net "B", 0 0, L_0x5558254a39e0;  1 drivers
v0x5558254859b0_0 .net "Cin", 0 0, L_0x5558254a3bf0;  1 drivers
v0x555825485a80_0 .net "Cout", 0 0, L_0x5558254a3830;  1 drivers
v0x555825485b40_0 .net "S", 0 0, L_0x5558254a3680;  1 drivers
v0x555825485c50_0 .net "aandb", 0 0, L_0x5558254a3540;  1 drivers
v0x555825485d10_0 .net "axorb", 0 0, L_0x5558254a34a0;  1 drivers
v0x555825485dd0_0 .net "axorbandcin", 0 0, L_0x5558254a3740;  1 drivers
S_0x555825486110 .scope generate, "ripple[9]" "ripple[9]" 3 17, 3 17 0, S_0x55582546f380;
 .timescale 0 0;
P_0x555825486310 .param/l "i" 1 3 17, +C4<01001>;
L_0x5558254a3c90 .functor XOR 1, L_0x5558254a3d30, L_0x5558254a3fa0, C4<0>, C4<0>;
v0x555825486d70_0 .net *"_ivl_1", 0 0, L_0x5558254a3d30;  1 drivers
v0x555825486e70_0 .net *"_ivl_2", 0 0, L_0x5558254a3fa0;  1 drivers
S_0x5558254863f0 .scope module, "full_adder" "full_adder_LL_nodelay" 3 19, 4 1 0, S_0x555825486110;
 .timescale 0 0;
    .port_info 0 /INPUT 1 "A";
    .port_info 1 /INPUT 1 "B";
    .port_info 2 /INPUT 1 "Cin";
    .port_info 3 /OUTPUT 1 "S";
    .port_info 4 /OUTPUT 1 "Cout";
L_0x5558254a4090 .functor XOR 1, L_0x5558254a46d0, L_0x5558254a44a0, C4<0>, C4<0>;
L_0x5558254a4100 .functor AND 1, L_0x5558254a46d0, L_0x5558254a44a0, C4<1>, C4<1>;
L_0x5558254a4210 .functor XOR 1, L_0x5558254a4770, L_0x5558254a4090, C4<0>, C4<0>;
L_0x5558254a42d0 .functor AND 1, L_0x5558254a4770, L_0x5558254a4090, C4<1>, C4<1>;
L_0x5558254a4390 .functor OR 1, L_0x5558254a4100, L_0x5558254a42d0, C4<0>, C4<0>;
v0x555825486650_0 .net "A", 0 0, L_0x5558254a44a0;  1 drivers
v0x555825486730_0 .net "B", 0 0, L_0x5558254a46d0;  1 drivers
v0x5558254867f0_0 .net "Cin", 0 0, L_0x5558254a4770;  1 drivers
v0x5558254868c0_0 .net "Cout", 0 0, L_0x5558254a4390;  1 drivers
v0x555825486980_0 .net "S", 0 0, L_0x5558254a4210;  1 drivers
v0x555825486a90_0 .net "aandb", 0 0, L_0x5558254a4100;  1 drivers
v0x555825486b50_0 .net "axorb", 0 0, L_0x5558254a4090;  1 drivers
v0x555825486c10_0 .net "axorbandcin", 0 0, L_0x5558254a42d0;  1 drivers
S_0x555825486f50 .scope generate, "ripple[10]" "ripple[10]" 3 17, 3 17 0, S_0x55582546f380;
 .timescale 0 0;
P_0x555825487150 .param/l "i" 1 3 17, +C4<01010>;
L_0x5558254a49b0 .functor XOR 1, L_0x5558254a4a20, L_0x5558254a4b10, C4<0>, C4<0>;
v0x555825487bb0_0 .net *"_ivl_1", 0 0, L_0x5558254a4a20;  1 drivers
v0x555825487cb0_0 .net *"_ivl_2", 0 0, L_0x5558254a4b10;  1 drivers
S_0x555825487230 .scope module, "full_adder" "full_adder_LL_nodelay" 3 19, 4 1 0, S_0x555825486f50;
 .timescale 0 0;
    .port_info 0 /INPUT 1 "A";
    .port_info 1 /INPUT 1 "B";
    .port_info 2 /INPUT 1 "Cin";
    .port_info 3 /OUTPUT 1 "S";
    .port_info 4 /OUTPUT 1 "Cout";
L_0x5558254a4db0 .functor XOR 1, L_0x5558254a5350, L_0x5558254a52b0, C4<0>, C4<0>;
L_0x5558254a4e80 .functor AND 1, L_0x5558254a5350, L_0x5558254a52b0, C4<1>, C4<1>;
L_0x5558254a4fc0 .functor XOR 1, L_0x5558254a55b0, L_0x5558254a4db0, C4<0>, C4<0>;
L_0x5558254a5080 .functor AND 1, L_0x5558254a55b0, L_0x5558254a4db0, C4<1>, C4<1>;
L_0x5558254a51a0 .functor OR 1, L_0x5558254a4e80, L_0x5558254a5080, C4<0>, C4<0>;
v0x555825487490_0 .net "A", 0 0, L_0x5558254a52b0;  1 drivers
v0x555825487570_0 .net "B", 0 0, L_0x5558254a5350;  1 drivers
v0x555825487630_0 .net "Cin", 0 0, L_0x5558254a55b0;  1 drivers
v0x555825487700_0 .net "Cout", 0 0, L_0x5558254a51a0;  1 drivers
v0x5558254877c0_0 .net "S", 0 0, L_0x5558254a4fc0;  1 drivers
v0x5558254878d0_0 .net "aandb", 0 0, L_0x5558254a4e80;  1 drivers
v0x555825487990_0 .net "axorb", 0 0, L_0x5558254a4db0;  1 drivers
v0x555825487a50_0 .net "axorbandcin", 0 0, L_0x5558254a5080;  1 drivers
S_0x555825487d90 .scope generate, "ripple[11]" "ripple[11]" 3 17, 3 17 0, S_0x55582546f380;
 .timescale 0 0;
P_0x555825487f90 .param/l "i" 1 3 17, +C4<01011>;
L_0x5558254a5650 .functor XOR 1, L_0x5558254a56f0, L_0x5558254a59b0, C4<0>, C4<0>;
v0x5558254889f0_0 .net *"_ivl_1", 0 0, L_0x5558254a56f0;  1 drivers
v0x555825488af0_0 .net *"_ivl_2", 0 0, L_0x5558254a59b0;  1 drivers
S_0x555825488070 .scope module, "full_adder" "full_adder_LL_nodelay" 3 19, 4 1 0, S_0x555825487d90;
 .timescale 0 0;
    .port_info 0 /INPUT 1 "A";
    .port_info 1 /INPUT 1 "B";
    .port_info 2 /INPUT 1 "Cin";
    .port_info 3 /OUTPUT 1 "S";
    .port_info 4 /OUTPUT 1 "Cout";
L_0x5558254a5aa0 .functor XOR 1, L_0x5558254a61c0, L_0x5558254a5f40, C4<0>, C4<0>;
L_0x5558254a5b40 .functor AND 1, L_0x5558254a61c0, L_0x5558254a5f40, C4<1>, C4<1>;
L_0x5558254a5c80 .functor XOR 1, L_0x5558254a6260, L_0x5558254a5aa0, C4<0>, C4<0>;
L_0x5558254a5d40 .functor AND 1, L_0x5558254a6260, L_0x5558254a5aa0, C4<1>, C4<1>;
L_0x5558254a5e30 .functor OR 1, L_0x5558254a5b40, L_0x5558254a5d40, C4<0>, C4<0>;
v0x5558254882d0_0 .net "A", 0 0, L_0x5558254a5f40;  1 drivers
v0x5558254883b0_0 .net "B", 0 0, L_0x5558254a61c0;  1 drivers
v0x555825488470_0 .net "Cin", 0 0, L_0x5558254a6260;  1 drivers
v0x555825488540_0 .net "Cout", 0 0, L_0x5558254a5e30;  1 drivers
v0x555825488600_0 .net "S", 0 0, L_0x5558254a5c80;  1 drivers
v0x555825488710_0 .net "aandb", 0 0, L_0x5558254a5b40;  1 drivers
v0x5558254887d0_0 .net "axorb", 0 0, L_0x5558254a5aa0;  1 drivers
v0x555825488890_0 .net "axorbandcin", 0 0, L_0x5558254a5d40;  1 drivers
S_0x555825488bd0 .scope generate, "ripple[12]" "ripple[12]" 3 17, 3 17 0, S_0x55582546f380;
 .timescale 0 0;
P_0x555825488dd0 .param/l "i" 1 3 17, +C4<01100>;
L_0x5558254a64f0 .functor XOR 1, L_0x5558254a6590, L_0x5558254a6680, C4<0>, C4<0>;
v0x555825489830_0 .net *"_ivl_1", 0 0, L_0x5558254a6590;  1 drivers
v0x555825489930_0 .net *"_ivl_2", 0 0, L_0x5558254a6680;  1 drivers
S_0x555825488eb0 .scope module, "full_adder" "full_adder_LL_nodelay" 3 19, 4 1 0, S_0x555825488bd0;
 .timescale 0 0;
    .port_info 0 /INPUT 1 "A";
    .port_info 1 /INPUT 1 "B";
    .port_info 2 /INPUT 1 "Cin";
    .port_info 3 /OUTPUT 1 "S";
    .port_info 4 /OUTPUT 1 "Cout";
L_0x5558254a6970 .functor XOR 1, L_0x5558254a6eb0, L_0x5558254a6e10, C4<0>, C4<0>;
L_0x5558254a6a10 .functor AND 1, L_0x5558254a6eb0, L_0x5558254a6e10, C4<1>, C4<1>;
L_0x5558254a6b50 .functor XOR 1, L_0x5558254a7160, L_0x5558254a6970, C4<0>, C4<0>;
L_0x5558254a6c10 .functor AND 1, L_0x5558254a7160, L_0x5558254a6970, C4<1>, C4<1>;
L_0x5558254a6d00 .functor OR 1, L_0x5558254a6a10, L_0x5558254a6c10, C4<0>, C4<0>;
v0x555825489110_0 .net "A", 0 0, L_0x5558254a6e10;  1 drivers
v0x5558254891f0_0 .net "B", 0 0, L_0x5558254a6eb0;  1 drivers
v0x5558254892b0_0 .net "Cin", 0 0, L_0x5558254a7160;  1 drivers
v0x555825489380_0 .net "Cout", 0 0, L_0x5558254a6d00;  1 drivers
v0x555825489440_0 .net "S", 0 0, L_0x5558254a6b50;  1 drivers
v0x555825489550_0 .net "aandb", 0 0, L_0x5558254a6a10;  1 drivers
v0x555825489610_0 .net "axorb", 0 0, L_0x5558254a6970;  1 drivers
v0x5558254896d0_0 .net "axorbandcin", 0 0, L_0x5558254a6c10;  1 drivers
S_0x555825489a10 .scope generate, "ripple[13]" "ripple[13]" 3 17, 3 17 0, S_0x55582546f380;
 .timescale 0 0;
P_0x555825489c10 .param/l "i" 1 3 17, +C4<01101>;
L_0x5558254a7200 .functor XOR 1, L_0x5558254a72a0, L_0x5558254a75b0, C4<0>, C4<0>;
v0x55582548a670_0 .net *"_ivl_1", 0 0, L_0x5558254a72a0;  1 drivers
v0x55582548a770_0 .net *"_ivl_2", 0 0, L_0x5558254a75b0;  1 drivers
S_0x555825489cf0 .scope module, "full_adder" "full_adder_LL_nodelay" 3 19, 4 1 0, S_0x555825489a10;
 .timescale 0 0;
    .port_info 0 /INPUT 1 "A";
    .port_info 1 /INPUT 1 "B";
    .port_info 2 /INPUT 1 "Cin";
    .port_info 3 /OUTPUT 1 "S";
    .port_info 4 /OUTPUT 1 "Cout";
L_0x5558254a76a0 .functor XOR 1, L_0x5558254a7e10, L_0x5558254a7b40, C4<0>, C4<0>;
L_0x5558254a7740 .functor AND 1, L_0x5558254a7e10, L_0x5558254a7b40, C4<1>, C4<1>;
L_0x5558254a7880 .functor XOR 1, L_0x5558254a7eb0, L_0x5558254a76a0, C4<0>, C4<0>;
L_0x5558254a7940 .functor AND 1, L_0x5558254a7eb0, L_0x5558254a76a0, C4<1>, C4<1>;
L_0x5558254a7a30 .functor OR 1, L_0x5558254a7740, L_0x5558254a7940, C4<0>, C4<0>;
v0x555825489f50_0 .net "A", 0 0, L_0x5558254a7b40;  1 drivers
v0x55582548a030_0 .net "B", 0 0, L_0x5558254a7e10;  1 drivers
v0x55582548a0f0_0 .net "Cin", 0 0, L_0x5558254a7eb0;  1 drivers
v0x55582548a1c0_0 .net "Cout", 0 0, L_0x5558254a7a30;  1 drivers
v0x55582548a280_0 .net "S", 0 0, L_0x5558254a7880;  1 drivers
v0x55582548a390_0 .net "aandb", 0 0, L_0x5558254a7740;  1 drivers
v0x55582548a450_0 .net "axorb", 0 0, L_0x5558254a76a0;  1 drivers
v0x55582548a510_0 .net "axorbandcin", 0 0, L_0x5558254a7940;  1 drivers
S_0x55582548a850 .scope generate, "ripple[14]" "ripple[14]" 3 17, 3 17 0, S_0x55582546f380;
 .timescale 0 0;
P_0x55582548aa50 .param/l "i" 1 3 17, +C4<01110>;
L_0x5558254a8190 .functor XOR 1, L_0x5558254a8230, L_0x5558254a8320, C4<0>, C4<0>;
v0x55582548b4b0_0 .net *"_ivl_1", 0 0, L_0x5558254a8230;  1 drivers
v0x55582548b5b0_0 .net *"_ivl_2", 0 0, L_0x5558254a8320;  1 drivers
S_0x55582548ab30 .scope module, "full_adder" "full_adder_LL_nodelay" 3 19, 4 1 0, S_0x55582548a850;
 .timescale 0 0;
    .port_info 0 /INPUT 1 "A";
    .port_info 1 /INPUT 1 "B";
    .port_info 2 /INPUT 1 "Cin";
    .port_info 3 /OUTPUT 1 "S";
    .port_info 4 /OUTPUT 1 "Cout";
L_0x5558254a8660 .functor XOR 1, L_0x5558254a8db0, L_0x5558254a8b00, C4<0>, C4<0>;
L_0x5558254a8700 .functor AND 1, L_0x5558254a8db0, L_0x5558254a8b00, C4<1>, C4<1>;
L_0x5558254a8840 .functor XOR 1, L_0x5558254a90b0, L_0x5558254a8660, C4<0>, C4<0>;
L_0x5558254a8900 .functor AND 1, L_0x5558254a90b0, L_0x5558254a8660, C4<1>, C4<1>;
L_0x5558254a89f0 .functor OR 1, L_0x5558254a8700, L_0x5558254a8900, C4<0>, C4<0>;
v0x55582548ad90_0 .net "A", 0 0, L_0x5558254a8b00;  1 drivers
v0x55582548ae70_0 .net "B", 0 0, L_0x5558254a8db0;  1 drivers
v0x55582548af30_0 .net "Cin", 0 0, L_0x5558254a90b0;  1 drivers
v0x55582548b000_0 .net "Cout", 0 0, L_0x5558254a89f0;  1 drivers
v0x55582548b0c0_0 .net "S", 0 0, L_0x5558254a8840;  1 drivers
v0x55582548b1d0_0 .net "aandb", 0 0, L_0x5558254a8700;  1 drivers
v0x55582548b290_0 .net "axorb", 0 0, L_0x5558254a8660;  1 drivers
v0x55582548b350_0 .net "axorbandcin", 0 0, L_0x5558254a8900;  1 drivers
S_0x55582548b690 .scope generate, "ripple[15]" "ripple[15]" 3 17, 3 17 0, S_0x55582546f380;
 .timescale 0 0;
P_0x55582548b890 .param/l "i" 1 3 17, +C4<01111>;
L_0x5558254a9150 .functor XOR 1, L_0x5558254a91f0, L_0x5558254a9550, C4<0>, C4<0>;
v0x55582548c2f0_0 .net *"_ivl_1", 0 0, L_0x5558254a91f0;  1 drivers
v0x55582548c3f0_0 .net *"_ivl_2", 0 0, L_0x5558254a9550;  1 drivers
S_0x55582548b970 .scope module, "full_adder" "full_adder_LL_nodelay" 3 19, 4 1 0, S_0x55582548b690;
 .timescale 0 0;
    .port_info 0 /INPUT 1 "A";
    .port_info 1 /INPUT 1 "B";
    .port_info 2 /INPUT 1 "Cin";
    .port_info 3 /OUTPUT 1 "S";
    .port_info 4 /OUTPUT 1 "Cout";
L_0x5558254a9640 .functor XOR 1, L_0x5558254a9e00, L_0x5558254a9ae0, C4<0>, C4<0>;
L_0x5558254a96e0 .functor AND 1, L_0x5558254a9e00, L_0x5558254a9ae0, C4<1>, C4<1>;
L_0x5558254a9820 .functor XOR 1, L_0x5558254aa0b0, L_0x5558254a9640, C4<0>, C4<0>;
L_0x5558254a98e0 .functor AND 1, L_0x5558254aa0b0, L_0x5558254a9640, C4<1>, C4<1>;
L_0x5558254a99d0 .functor OR 1, L_0x5558254a96e0, L_0x5558254a98e0, C4<0>, C4<0>;
v0x55582548bbd0_0 .net "A", 0 0, L_0x5558254a9ae0;  1 drivers
v0x55582548bcb0_0 .net "B", 0 0, L_0x5558254a9e00;  1 drivers
v0x55582548bd70_0 .net "Cin", 0 0, L_0x5558254aa0b0;  1 drivers
v0x55582548be40_0 .net "Cout", 0 0, L_0x5558254a99d0;  1 drivers
v0x55582548bf00_0 .net "S", 0 0, L_0x5558254a9820;  1 drivers
v0x55582548c010_0 .net "aandb", 0 0, L_0x5558254a96e0;  1 drivers
v0x55582548c0d0_0 .net "axorb", 0 0, L_0x5558254a9640;  1 drivers
v0x55582548c190_0 .net "axorbandcin", 0 0, L_0x5558254a98e0;  1 drivers
S_0x55582548c4d0 .scope generate, "ripple[16]" "ripple[16]" 3 17, 3 17 0, S_0x55582546f380;
 .timescale 0 0;
P_0x55582548c6d0 .param/l "i" 1 3 17, +C4<010000>;
L_0x5558254aa7f0 .functor XOR 1, L_0x5558254aa860, L_0x5558254aa950, C4<0>, C4<0>;
v0x55582548d130_0 .net *"_ivl_1", 0 0, L_0x5558254aa860;  1 drivers
v0x55582548d230_0 .net *"_ivl_2", 0 0, L_0x5558254aa950;  1 drivers
S_0x55582548c7b0 .scope module, "full_adder" "full_adder_LL_nodelay" 3 19, 4 1 0, S_0x55582548c4d0;
 .timescale 0 0;
    .port_info 0 /INPUT 1 "A";
    .port_info 1 /INPUT 1 "B";
    .port_info 2 /INPUT 1 "Cin";
    .port_info 3 /OUTPUT 1 "S";
    .port_info 4 /OUTPUT 1 "Cout";
L_0x5558254aace0 .functor XOR 1, L_0x5558254ab190, L_0x5558254ab0f0, C4<0>, C4<0>;
L_0x5558254aad50 .functor AND 1, L_0x5558254ab190, L_0x5558254ab0f0, C4<1>, C4<1>;
L_0x5558254aae60 .functor XOR 1, L_0x5558254ab4e0, L_0x5558254aace0, C4<0>, C4<0>;
L_0x5558254aaf20 .functor AND 1, L_0x5558254ab4e0, L_0x5558254aace0, C4<1>, C4<1>;
L_0x5558254aafe0 .functor OR 1, L_0x5558254aad50, L_0x5558254aaf20, C4<0>, C4<0>;
v0x55582548ca10_0 .net "A", 0 0, L_0x5558254ab0f0;  1 drivers
v0x55582548caf0_0 .net "B", 0 0, L_0x5558254ab190;  1 drivers
v0x55582548cbb0_0 .net "Cin", 0 0, L_0x5558254ab4e0;  1 drivers
v0x55582548cc80_0 .net "Cout", 0 0, L_0x5558254aafe0;  1 drivers
v0x55582548cd40_0 .net "S", 0 0, L_0x5558254aae60;  1 drivers
v0x55582548ce50_0 .net "aandb", 0 0, L_0x5558254aad50;  1 drivers
v0x55582548cf10_0 .net "axorb", 0 0, L_0x5558254aace0;  1 drivers
v0x55582548cfd0_0 .net "axorbandcin", 0 0, L_0x5558254aaf20;  1 drivers
S_0x55582548d310 .scope generate, "ripple[17]" "ripple[17]" 3 17, 3 17 0, S_0x55582546f380;
 .timescale 0 0;
P_0x55582548d510 .param/l "i" 1 3 17, +C4<010001>;
L_0x5558254ab580 .functor XOR 1, L_0x5558254ab5f0, L_0x5558254ab9a0, C4<0>, C4<0>;
v0x55582548df70_0 .net *"_ivl_1", 0 0, L_0x5558254ab5f0;  1 drivers
v0x55582548e070_0 .net *"_ivl_2", 0 0, L_0x5558254ab9a0;  1 drivers
S_0x55582548d5f0 .scope module, "full_adder" "full_adder_LL_nodelay" 3 19, 4 1 0, S_0x55582548d310;
 .timescale 0 0;
    .port_info 0 /INPUT 1 "A";
    .port_info 1 /INPUT 1 "B";
    .port_info 2 /INPUT 1 "Cin";
    .port_info 3 /OUTPUT 1 "S";
    .port_info 4 /OUTPUT 1 "Cout";
L_0x5558254aba90 .functor XOR 1, L_0x5558254ac300, L_0x5558254abf90, C4<0>, C4<0>;
L_0x5558254abb30 .functor AND 1, L_0x5558254ac300, L_0x5558254abf90, C4<1>, C4<1>;
L_0x5558254abc70 .functor XOR 1, L_0x5558254ac3a0, L_0x5558254aba90, C4<0>, C4<0>;
L_0x5558254abd60 .functor AND 1, L_0x5558254ac3a0, L_0x5558254aba90, C4<1>, C4<1>;
L_0x5558254abe80 .functor OR 1, L_0x5558254abb30, L_0x5558254abd60, C4<0>, C4<0>;
v0x55582548d850_0 .net "A", 0 0, L_0x5558254abf90;  1 drivers
v0x55582548d930_0 .net "B", 0 0, L_0x5558254ac300;  1 drivers
v0x55582548d9f0_0 .net "Cin", 0 0, L_0x5558254ac3a0;  1 drivers
v0x55582548dac0_0 .net "Cout", 0 0, L_0x5558254abe80;  1 drivers
v0x55582548db80_0 .net "S", 0 0, L_0x5558254abc70;  1 drivers
v0x55582548dc90_0 .net "aandb", 0 0, L_0x5558254abb30;  1 drivers
v0x55582548dd50_0 .net "axorb", 0 0, L_0x5558254aba90;  1 drivers
v0x55582548de10_0 .net "axorbandcin", 0 0, L_0x5558254abd60;  1 drivers
S_0x55582548e150 .scope generate, "ripple[18]" "ripple[18]" 3 17, 3 17 0, S_0x55582546f380;
 .timescale 0 0;
P_0x55582548e350 .param/l "i" 1 3 17, +C4<010010>;
L_0x5558254ac720 .functor XOR 1, L_0x5558254ac7c0, L_0x5558254ac8b0, C4<0>, C4<0>;
v0x55582548edb0_0 .net *"_ivl_1", 0 0, L_0x5558254ac7c0;  1 drivers
v0x55582548eeb0_0 .net *"_ivl_2", 0 0, L_0x5558254ac8b0;  1 drivers
S_0x55582548e430 .scope module, "full_adder" "full_adder_LL_nodelay" 3 19, 4 1 0, S_0x55582548e150;
 .timescale 0 0;
    .port_info 0 /INPUT 1 "A";
    .port_info 1 /INPUT 1 "B";
    .port_info 2 /INPUT 1 "Cin";
    .port_info 3 /OUTPUT 1 "S";
    .port_info 4 /OUTPUT 1 "Cout";
L_0x5558254acc90 .functor XOR 1, L_0x5558254ad1d0, L_0x5558254ad130, C4<0>, C4<0>;
L_0x5558254acd30 .functor AND 1, L_0x5558254ad1d0, L_0x5558254ad130, C4<1>, C4<1>;
L_0x5558254ace70 .functor XOR 1, L_0x5558254ad570, L_0x5558254acc90, C4<0>, C4<0>;
L_0x5558254acf30 .functor AND 1, L_0x5558254ad570, L_0x5558254acc90, C4<1>, C4<1>;
L_0x5558254ad020 .functor OR 1, L_0x5558254acd30, L_0x5558254acf30, C4<0>, C4<0>;
v0x55582548e690_0 .net "A", 0 0, L_0x5558254ad130;  1 drivers
v0x55582548e770_0 .net "B", 0 0, L_0x5558254ad1d0;  1 drivers
v0x55582548e830_0 .net "Cin", 0 0, L_0x5558254ad570;  1 drivers
v0x55582548e900_0 .net "Cout", 0 0, L_0x5558254ad020;  1 drivers
v0x55582548e9c0_0 .net "S", 0 0, L_0x5558254ace70;  1 drivers
v0x55582548ead0_0 .net "aandb", 0 0, L_0x5558254acd30;  1 drivers
v0x55582548eb90_0 .net "axorb", 0 0, L_0x5558254acc90;  1 drivers
v0x55582548ec50_0 .net "axorbandcin", 0 0, L_0x5558254acf30;  1 drivers
S_0x55582548ef90 .scope generate, "ripple[19]" "ripple[19]" 3 17, 3 17 0, S_0x55582546f380;
 .timescale 0 0;
P_0x55582548f190 .param/l "i" 1 3 17, +C4<010011>;
L_0x5558254ad610 .functor XOR 1, L_0x5558254ad6b0, L_0x5558254adab0, C4<0>, C4<0>;
v0x55582548fbf0_0 .net *"_ivl_1", 0 0, L_0x5558254ad6b0;  1 drivers
v0x55582548fcf0_0 .net *"_ivl_2", 0 0, L_0x5558254adab0;  1 drivers
S_0x55582548f270 .scope module, "full_adder" "full_adder_LL_nodelay" 3 19, 4 1 0, S_0x55582548ef90;
 .timescale 0 0;
    .port_info 0 /INPUT 1 "A";
    .port_info 1 /INPUT 1 "B";
    .port_info 2 /INPUT 1 "Cin";
    .port_info 3 /OUTPUT 1 "S";
    .port_info 4 /OUTPUT 1 "Cout";
L_0x5558254adba0 .functor XOR 1, L_0x5558254ae400, L_0x5558254ae040, C4<0>, C4<0>;
L_0x5558254adc40 .functor AND 1, L_0x5558254ae400, L_0x5558254ae040, C4<1>, C4<1>;
L_0x5558254add80 .functor XOR 1, L_0x5558254ae4a0, L_0x5558254adba0, C4<0>, C4<0>;
L_0x5558254ade40 .functor AND 1, L_0x5558254ae4a0, L_0x5558254adba0, C4<1>, C4<1>;
L_0x5558254adf30 .functor OR 1, L_0x5558254adc40, L_0x5558254ade40, C4<0>, C4<0>;
v0x55582548f4d0_0 .net "A", 0 0, L_0x5558254ae040;  1 drivers
v0x55582548f5b0_0 .net "B", 0 0, L_0x5558254ae400;  1 drivers
v0x55582548f670_0 .net "Cin", 0 0, L_0x5558254ae4a0;  1 drivers
v0x55582548f740_0 .net "Cout", 0 0, L_0x5558254adf30;  1 drivers
v0x55582548f800_0 .net "S", 0 0, L_0x5558254add80;  1 drivers
v0x55582548f910_0 .net "aandb", 0 0, L_0x5558254adc40;  1 drivers
v0x55582548f9d0_0 .net "axorb", 0 0, L_0x5558254adba0;  1 drivers
v0x55582548fa90_0 .net "axorbandcin", 0 0, L_0x5558254ade40;  1 drivers
S_0x55582548fdd0 .scope generate, "ripple[20]" "ripple[20]" 3 17, 3 17 0, S_0x55582546f380;
 .timescale 0 0;
P_0x55582548ffd0 .param/l "i" 1 3 17, +C4<010100>;
L_0x5558254ae870 .functor XOR 1, L_0x5558254ae910, L_0x5558254aea00, C4<0>, C4<0>;
v0x555825490a30_0 .net *"_ivl_1", 0 0, L_0x5558254ae910;  1 drivers
v0x555825490b30_0 .net *"_ivl_2", 0 0, L_0x5558254aea00;  1 drivers
S_0x5558254900b0 .scope module, "full_adder" "full_adder_LL_nodelay" 3 19, 4 1 0, S_0x55582548fdd0;
 .timescale 0 0;
    .port_info 0 /INPUT 1 "A";
    .port_info 1 /INPUT 1 "B";
    .port_info 2 /INPUT 1 "Cin";
    .port_info 3 /OUTPUT 1 "S";
    .port_info 4 /OUTPUT 1 "Cout";
L_0x5558254aee30 .functor XOR 1, L_0x5558254af370, L_0x5558254af2d0, C4<0>, C4<0>;
L_0x5558254aeed0 .functor AND 1, L_0x5558254af370, L_0x5558254af2d0, C4<1>, C4<1>;
L_0x5558254af010 .functor XOR 1, L_0x5558254af760, L_0x5558254aee30, C4<0>, C4<0>;
L_0x5558254af0d0 .functor AND 1, L_0x5558254af760, L_0x5558254aee30, C4<1>, C4<1>;
L_0x5558254af1c0 .functor OR 1, L_0x5558254aeed0, L_0x5558254af0d0, C4<0>, C4<0>;
v0x555825490310_0 .net "A", 0 0, L_0x5558254af2d0;  1 drivers
v0x5558254903f0_0 .net "B", 0 0, L_0x5558254af370;  1 drivers
v0x5558254904b0_0 .net "Cin", 0 0, L_0x5558254af760;  1 drivers
v0x555825490580_0 .net "Cout", 0 0, L_0x5558254af1c0;  1 drivers
v0x555825490640_0 .net "S", 0 0, L_0x5558254af010;  1 drivers
v0x555825490750_0 .net "aandb", 0 0, L_0x5558254aeed0;  1 drivers
v0x555825490810_0 .net "axorb", 0 0, L_0x5558254aee30;  1 drivers
v0x5558254908d0_0 .net "axorbandcin", 0 0, L_0x5558254af0d0;  1 drivers
S_0x555825490c10 .scope generate, "ripple[21]" "ripple[21]" 3 17, 3 17 0, S_0x55582546f380;
 .timescale 0 0;
P_0x555825490e10 .param/l "i" 1 3 17, +C4<010101>;
L_0x5558254af800 .functor XOR 1, L_0x5558254af8a0, L_0x5558254afcf0, C4<0>, C4<0>;
v0x555825491870_0 .net *"_ivl_1", 0 0, L_0x5558254af8a0;  1 drivers
v0x555825491970_0 .net *"_ivl_2", 0 0, L_0x5558254afcf0;  1 drivers
S_0x555825490ef0 .scope module, "full_adder" "full_adder_LL_nodelay" 3 19, 4 1 0, S_0x555825490c10;
 .timescale 0 0;
    .port_info 0 /INPUT 1 "A";
    .port_info 1 /INPUT 1 "B";
    .port_info 2 /INPUT 1 "Cin";
    .port_info 3 /OUTPUT 1 "S";
    .port_info 4 /OUTPUT 1 "Cout";
L_0x5558254afde0 .functor XOR 1, L_0x5558254b0690, L_0x5558254b0280, C4<0>, C4<0>;
L_0x5558254afe80 .functor AND 1, L_0x5558254b0690, L_0x5558254b0280, C4<1>, C4<1>;
L_0x5558254affc0 .functor XOR 1, L_0x5558254b0730, L_0x5558254afde0, C4<0>, C4<0>;
L_0x5558254b0080 .functor AND 1, L_0x5558254b0730, L_0x5558254afde0, C4<1>, C4<1>;
L_0x5558254b0170 .functor OR 1, L_0x5558254afe80, L_0x5558254b0080, C4<0>, C4<0>;
v0x555825491150_0 .net "A", 0 0, L_0x5558254b0280;  1 drivers
v0x555825491230_0 .net "B", 0 0, L_0x5558254b0690;  1 drivers
v0x5558254912f0_0 .net "Cin", 0 0, L_0x5558254b0730;  1 drivers
v0x5558254913c0_0 .net "Cout", 0 0, L_0x5558254b0170;  1 drivers
v0x555825491480_0 .net "S", 0 0, L_0x5558254affc0;  1 drivers
v0x555825491590_0 .net "aandb", 0 0, L_0x5558254afe80;  1 drivers
v0x555825491650_0 .net "axorb", 0 0, L_0x5558254afde0;  1 drivers
v0x555825491710_0 .net "axorbandcin", 0 0, L_0x5558254b0080;  1 drivers
S_0x555825491a50 .scope generate, "ripple[22]" "ripple[22]" 3 17, 3 17 0, S_0x55582546f380;
 .timescale 0 0;
P_0x555825491c50 .param/l "i" 1 3 17, +C4<010110>;
L_0x5558254b0b50 .functor XOR 1, L_0x5558254b0bf0, L_0x5558254b0ce0, C4<0>, C4<0>;
v0x5558254926b0_0 .net *"_ivl_1", 0 0, L_0x5558254b0bf0;  1 drivers
v0x5558254927b0_0 .net *"_ivl_2", 0 0, L_0x5558254b0ce0;  1 drivers
S_0x555825491d30 .scope module, "full_adder" "full_adder_LL_nodelay" 3 19, 4 1 0, S_0x555825491a50;
 .timescale 0 0;
    .port_info 0 /INPUT 1 "A";
    .port_info 1 /INPUT 1 "B";
    .port_info 2 /INPUT 1 "Cin";
    .port_info 3 /OUTPUT 1 "S";
    .port_info 4 /OUTPUT 1 "Cout";
L_0x5558254b1160 .functor XOR 1, L_0x5558254b16a0, L_0x5558254b1600, C4<0>, C4<0>;
L_0x5558254b1200 .functor AND 1, L_0x5558254b16a0, L_0x5558254b1600, C4<1>, C4<1>;
L_0x5558254b1340 .functor XOR 1, L_0x5558254b1ae0, L_0x5558254b1160, C4<0>, C4<0>;
L_0x5558254b1400 .functor AND 1, L_0x5558254b1ae0, L_0x5558254b1160, C4<1>, C4<1>;
L_0x5558254b14f0 .functor OR 1, L_0x5558254b1200, L_0x5558254b1400, C4<0>, C4<0>;
v0x555825491f90_0 .net "A", 0 0, L_0x5558254b1600;  1 drivers
v0x555825492070_0 .net "B", 0 0, L_0x5558254b16a0;  1 drivers
v0x555825492130_0 .net "Cin", 0 0, L_0x5558254b1ae0;  1 drivers
v0x555825492200_0 .net "Cout", 0 0, L_0x5558254b14f0;  1 drivers
v0x5558254922c0_0 .net "S", 0 0, L_0x5558254b1340;  1 drivers
v0x5558254923d0_0 .net "aandb", 0 0, L_0x5558254b1200;  1 drivers
v0x555825492490_0 .net "axorb", 0 0, L_0x5558254b1160;  1 drivers
v0x555825492550_0 .net "axorbandcin", 0 0, L_0x5558254b1400;  1 drivers
S_0x555825492890 .scope generate, "ripple[23]" "ripple[23]" 3 17, 3 17 0, S_0x55582546f380;
 .timescale 0 0;
P_0x555825492a90 .param/l "i" 1 3 17, +C4<010111>;
L_0x5558254b1b80 .functor XOR 1, L_0x5558254b1c20, L_0x5558254b20c0, C4<0>, C4<0>;
v0x5558254934f0_0 .net *"_ivl_1", 0 0, L_0x5558254b1c20;  1 drivers
v0x5558254935f0_0 .net *"_ivl_2", 0 0, L_0x5558254b20c0;  1 drivers
S_0x555825492b70 .scope module, "full_adder" "full_adder_LL_nodelay" 3 19, 4 1 0, S_0x555825492890;
 .timescale 0 0;
    .port_info 0 /INPUT 1 "A";
    .port_info 1 /INPUT 1 "B";
    .port_info 2 /INPUT 1 "Cin";
    .port_info 3 /OUTPUT 1 "S";
    .port_info 4 /OUTPUT 1 "Cout";
L_0x5558254b21b0 .functor XOR 1, L_0x5558254b2ab0, L_0x5558254b2650, C4<0>, C4<0>;
L_0x5558254b2250 .functor AND 1, L_0x5558254b2ab0, L_0x5558254b2650, C4<1>, C4<1>;
L_0x5558254b2390 .functor XOR 1, L_0x5558254b2b50, L_0x5558254b21b0, C4<0>, C4<0>;
L_0x5558254b2450 .functor AND 1, L_0x5558254b2b50, L_0x5558254b21b0, C4<1>, C4<1>;
L_0x5558254b2540 .functor OR 1, L_0x5558254b2250, L_0x5558254b2450, C4<0>, C4<0>;
v0x555825492dd0_0 .net "A", 0 0, L_0x5558254b2650;  1 drivers
v0x555825492eb0_0 .net "B", 0 0, L_0x5558254b2ab0;  1 drivers
v0x555825492f70_0 .net "Cin", 0 0, L_0x5558254b2b50;  1 drivers
v0x555825493040_0 .net "Cout", 0 0, L_0x5558254b2540;  1 drivers
v0x555825493100_0 .net "S", 0 0, L_0x5558254b2390;  1 drivers
v0x555825493210_0 .net "aandb", 0 0, L_0x5558254b2250;  1 drivers
v0x5558254932d0_0 .net "axorb", 0 0, L_0x5558254b21b0;  1 drivers
v0x555825493390_0 .net "axorbandcin", 0 0, L_0x5558254b2450;  1 drivers
S_0x5558254936d0 .scope generate, "ripple[24]" "ripple[24]" 3 17, 3 17 0, S_0x55582546f380;
 .timescale 0 0;
P_0x5558254938d0 .param/l "i" 1 3 17, +C4<011000>;
L_0x5558254b2fc0 .functor XOR 1, L_0x5558254b3060, L_0x5558254b3150, C4<0>, C4<0>;
v0x555825494330_0 .net *"_ivl_1", 0 0, L_0x5558254b3060;  1 drivers
v0x555825494430_0 .net *"_ivl_2", 0 0, L_0x5558254b3150;  1 drivers
S_0x5558254939b0 .scope module, "full_adder" "full_adder_LL_nodelay" 3 19, 4 1 0, S_0x5558254936d0;
 .timescale 0 0;
    .port_info 0 /INPUT 1 "A";
    .port_info 1 /INPUT 1 "B";
    .port_info 2 /INPUT 1 "Cin";
    .port_info 3 /OUTPUT 1 "S";
    .port_info 4 /OUTPUT 1 "Cout";
L_0x5558254b3620 .functor XOR 1, L_0x5558254b3b60, L_0x5558254b3ac0, C4<0>, C4<0>;
L_0x5558254b36c0 .functor AND 1, L_0x5558254b3b60, L_0x5558254b3ac0, C4<1>, C4<1>;
L_0x5558254b3800 .functor XOR 1, L_0x5558254b3ff0, L_0x5558254b3620, C4<0>, C4<0>;
L_0x5558254b38c0 .functor AND 1, L_0x5558254b3ff0, L_0x5558254b3620, C4<1>, C4<1>;
L_0x5558254b39b0 .functor OR 1, L_0x5558254b36c0, L_0x5558254b38c0, C4<0>, C4<0>;
v0x555825493c10_0 .net "A", 0 0, L_0x5558254b3ac0;  1 drivers
v0x555825493cf0_0 .net "B", 0 0, L_0x5558254b3b60;  1 drivers
v0x555825493db0_0 .net "Cin", 0 0, L_0x5558254b3ff0;  1 drivers
v0x555825493e80_0 .net "Cout", 0 0, L_0x5558254b39b0;  1 drivers
v0x555825493f40_0 .net "S", 0 0, L_0x5558254b3800;  1 drivers
v0x555825494050_0 .net "aandb", 0 0, L_0x5558254b36c0;  1 drivers
v0x555825494110_0 .net "axorb", 0 0, L_0x5558254b3620;  1 drivers
v0x5558254941d0_0 .net "axorbandcin", 0 0, L_0x5558254b38c0;  1 drivers
S_0x555825494510 .scope generate, "ripple[25]" "ripple[25]" 3 17, 3 17 0, S_0x55582546f380;
 .timescale 0 0;
P_0x555825494710 .param/l "i" 1 3 17, +C4<011001>;
L_0x5558254b4090 .functor XOR 1, L_0x5558254b4130, L_0x5558254b4620, C4<0>, C4<0>;
v0x555825495170_0 .net *"_ivl_1", 0 0, L_0x5558254b4130;  1 drivers
v0x555825495270_0 .net *"_ivl_2", 0 0, L_0x5558254b4620;  1 drivers
S_0x5558254947f0 .scope module, "full_adder" "full_adder_LL_nodelay" 3 19, 4 1 0, S_0x555825494510;
 .timescale 0 0;
    .port_info 0 /INPUT 1 "A";
    .port_info 1 /INPUT 1 "B";
    .port_info 2 /INPUT 1 "Cin";
    .port_info 3 /OUTPUT 1 "S";
    .port_info 4 /OUTPUT 1 "Cout";
L_0x5558254b4710 .functor XOR 1, L_0x5558254b4fd0, L_0x5558254b4b20, C4<0>, C4<0>;
L_0x5558254b4780 .functor AND 1, L_0x5558254b4fd0, L_0x5558254b4b20, C4<1>, C4<1>;
L_0x5558254b4890 .functor XOR 1, L_0x5558254b5070, L_0x5558254b4710, C4<0>, C4<0>;
L_0x5558254b4950 .functor AND 1, L_0x5558254b5070, L_0x5558254b4710, C4<1>, C4<1>;
L_0x5558254b4a10 .functor OR 1, L_0x5558254b4780, L_0x5558254b4950, C4<0>, C4<0>;
v0x555825494a50_0 .net "A", 0 0, L_0x5558254b4b20;  1 drivers
v0x555825494b30_0 .net "B", 0 0, L_0x5558254b4fd0;  1 drivers
v0x555825494bf0_0 .net "Cin", 0 0, L_0x5558254b5070;  1 drivers
v0x555825494cc0_0 .net "Cout", 0 0, L_0x5558254b4a10;  1 drivers
v0x555825494d80_0 .net "S", 0 0, L_0x5558254b4890;  1 drivers
v0x555825494e90_0 .net "aandb", 0 0, L_0x5558254b4780;  1 drivers
v0x555825494f50_0 .net "axorb", 0 0, L_0x5558254b4710;  1 drivers
v0x555825495010_0 .net "axorbandcin", 0 0, L_0x5558254b4950;  1 drivers
S_0x555825495350 .scope generate, "ripple[26]" "ripple[26]" 3 17, 3 17 0, S_0x55582546f380;
 .timescale 0 0;
P_0x555825495550 .param/l "i" 1 3 17, +C4<011010>;
L_0x5558254b5530 .functor XOR 1, L_0x5558254b55a0, L_0x5558254b5690, C4<0>, C4<0>;
v0x555825495fb0_0 .net *"_ivl_1", 0 0, L_0x5558254b55a0;  1 drivers
v0x5558254960b0_0 .net *"_ivl_2", 0 0, L_0x5558254b5690;  1 drivers
S_0x555825495630 .scope module, "full_adder" "full_adder_LL_nodelay" 3 19, 4 1 0, S_0x555825495350;
 .timescale 0 0;
    .port_info 0 /INPUT 1 "A";
    .port_info 1 /INPUT 1 "B";
    .port_info 2 /INPUT 1 "Cin";
    .port_info 3 /OUTPUT 1 "S";
    .port_info 4 /OUTPUT 1 "Cout";
L_0x5558254b5110 .functor XOR 1, L_0x5558254b5d60, L_0x5558254b5cc0, C4<0>, C4<0>;
L_0x5558254b5210 .functor AND 1, L_0x5558254b5d60, L_0x5558254b5cc0, C4<1>, C4<1>;
L_0x5558254b5350 .functor XOR 1, L_0x5558254b5780, L_0x5558254b5110, C4<0>, C4<0>;
L_0x5558254b5410 .functor AND 1, L_0x5558254b5780, L_0x5558254b5110, C4<1>, C4<1>;
L_0x5558254b5bb0 .functor OR 1, L_0x5558254b5210, L_0x5558254b5410, C4<0>, C4<0>;
v0x555825495890_0 .net "A", 0 0, L_0x5558254b5cc0;  1 drivers
v0x555825495970_0 .net "B", 0 0, L_0x5558254b5d60;  1 drivers
v0x555825495a30_0 .net "Cin", 0 0, L_0x5558254b5780;  1 drivers
v0x555825495b00_0 .net "Cout", 0 0, L_0x5558254b5bb0;  1 drivers
v0x555825495bc0_0 .net "S", 0 0, L_0x5558254b5350;  1 drivers
v0x555825495cd0_0 .net "aandb", 0 0, L_0x5558254b5210;  1 drivers
v0x555825495d90_0 .net "axorb", 0 0, L_0x5558254b5110;  1 drivers
v0x555825495e50_0 .net "axorbandcin", 0 0, L_0x5558254b5410;  1 drivers
S_0x555825496190 .scope generate, "ripple[27]" "ripple[27]" 3 17, 3 17 0, S_0x55582546f380;
 .timescale 0 0;
P_0x555825496390 .param/l "i" 1 3 17, +C4<011011>;
L_0x5558254b5820 .functor XOR 1, L_0x5558254b5890, L_0x5558254b5980, C4<0>, C4<0>;
v0x555825496df0_0 .net *"_ivl_1", 0 0, L_0x5558254b5890;  1 drivers
v0x555825496ef0_0 .net *"_ivl_2", 0 0, L_0x5558254b5980;  1 drivers
S_0x555825496470 .scope module, "full_adder" "full_adder_LL_nodelay" 3 19, 4 1 0, S_0x555825496190;
 .timescale 0 0;
    .port_info 0 /INPUT 1 "A";
    .port_info 1 /INPUT 1 "B";
    .port_info 2 /INPUT 1 "Cin";
    .port_info 3 /OUTPUT 1 "S";
    .port_info 4 /OUTPUT 1 "Cout";
L_0x5558254b5a70 .functor XOR 1, L_0x5558254b5e00, L_0x5558254b6580, C4<0>, C4<0>;
L_0x5558254b5b10 .functor AND 1, L_0x5558254b5e00, L_0x5558254b6580, C4<1>, C4<1>;
L_0x5558254b62f0 .functor XOR 1, L_0x5558254b5ea0, L_0x5558254b5a70, C4<0>, C4<0>;
L_0x5558254b63b0 .functor AND 1, L_0x5558254b5ea0, L_0x5558254b5a70, C4<1>, C4<1>;
L_0x5558254b6470 .functor OR 1, L_0x5558254b5b10, L_0x5558254b63b0, C4<0>, C4<0>;
v0x5558254966d0_0 .net "A", 0 0, L_0x5558254b6580;  1 drivers
v0x5558254967b0_0 .net "B", 0 0, L_0x5558254b5e00;  1 drivers
v0x555825496870_0 .net "Cin", 0 0, L_0x5558254b5ea0;  1 drivers
v0x555825496940_0 .net "Cout", 0 0, L_0x5558254b6470;  1 drivers
v0x555825496a00_0 .net "S", 0 0, L_0x5558254b62f0;  1 drivers
v0x555825496b10_0 .net "aandb", 0 0, L_0x5558254b5b10;  1 drivers
v0x555825496bd0_0 .net "axorb", 0 0, L_0x5558254b5a70;  1 drivers
v0x555825496c90_0 .net "axorbandcin", 0 0, L_0x5558254b63b0;  1 drivers
S_0x555825496fd0 .scope generate, "ripple[28]" "ripple[28]" 3 17, 3 17 0, S_0x55582546f380;
 .timescale 0 0;
P_0x5558254971d0 .param/l "i" 1 3 17, +C4<011100>;
L_0x5558254b5f40 .functor XOR 1, L_0x5558254b5fe0, L_0x5558254b60d0, C4<0>, C4<0>;
v0x555825497c30_0 .net *"_ivl_1", 0 0, L_0x5558254b5fe0;  1 drivers
v0x555825497d30_0 .net *"_ivl_2", 0 0, L_0x5558254b60d0;  1 drivers
S_0x5558254972b0 .scope module, "full_adder" "full_adder_LL_nodelay" 3 19, 4 1 0, S_0x555825496fd0;
 .timescale 0 0;
    .port_info 0 /INPUT 1 "A";
    .port_info 1 /INPUT 1 "B";
    .port_info 2 /INPUT 1 "Cin";
    .port_info 3 /OUTPUT 1 "S";
    .port_info 4 /OUTPUT 1 "Cout";
L_0x5558254b61c0 .functor XOR 1, L_0x5558254b6ee0, L_0x5558254b6e40, C4<0>, C4<0>;
L_0x5558254b6aa0 .functor AND 1, L_0x5558254b6ee0, L_0x5558254b6e40, C4<1>, C4<1>;
L_0x5558254b6bb0 .functor XOR 1, L_0x5558254b6620, L_0x5558254b61c0, C4<0>, C4<0>;
L_0x5558254b6c70 .functor AND 1, L_0x5558254b6620, L_0x5558254b61c0, C4<1>, C4<1>;
L_0x5558254b6d30 .functor OR 1, L_0x5558254b6aa0, L_0x5558254b6c70, C4<0>, C4<0>;
v0x555825497510_0 .net "A", 0 0, L_0x5558254b6e40;  1 drivers
v0x5558254975f0_0 .net "B", 0 0, L_0x5558254b6ee0;  1 drivers
v0x5558254976b0_0 .net "Cin", 0 0, L_0x5558254b6620;  1 drivers
v0x555825497780_0 .net "Cout", 0 0, L_0x5558254b6d30;  1 drivers
v0x555825497840_0 .net "S", 0 0, L_0x5558254b6bb0;  1 drivers
v0x555825497950_0 .net "aandb", 0 0, L_0x5558254b6aa0;  1 drivers
v0x555825497a10_0 .net "axorb", 0 0, L_0x5558254b61c0;  1 drivers
v0x555825497ad0_0 .net "axorbandcin", 0 0, L_0x5558254b6c70;  1 drivers
S_0x555825497e10 .scope generate, "ripple[29]" "ripple[29]" 3 17, 3 17 0, S_0x55582546f380;
 .timescale 0 0;
P_0x555825498010 .param/l "i" 1 3 17, +C4<011101>;
L_0x5558254b66c0 .functor XOR 1, L_0x5558254b6790, L_0x5558254b6880, C4<0>, C4<0>;
v0x555825498a70_0 .net *"_ivl_1", 0 0, L_0x5558254b6790;  1 drivers
v0x555825498b70_0 .net *"_ivl_2", 0 0, L_0x5558254b6880;  1 drivers
S_0x5558254980f0 .scope module, "full_adder" "full_adder_LL_nodelay" 3 19, 4 1 0, S_0x555825497e10;
 .timescale 0 0;
    .port_info 0 /INPUT 1 "A";
    .port_info 1 /INPUT 1 "B";
    .port_info 2 /INPUT 1 "Cin";
    .port_info 3 /OUTPUT 1 "S";
    .port_info 4 /OUTPUT 1 "Cout";
L_0x5558254b6970 .functor XOR 1, L_0x5558254b6f80, L_0x5558254b7750, C4<0>, C4<0>;
L_0x5558254b6a10 .functor AND 1, L_0x5558254b6f80, L_0x5558254b7750, C4<1>, C4<1>;
L_0x5558254b74c0 .functor XOR 1, L_0x5558254b7020, L_0x5558254b6970, C4<0>, C4<0>;
L_0x5558254b7580 .functor AND 1, L_0x5558254b7020, L_0x5558254b6970, C4<1>, C4<1>;
L_0x5558254b7640 .functor OR 1, L_0x5558254b6a10, L_0x5558254b7580, C4<0>, C4<0>;
v0x555825498350_0 .net "A", 0 0, L_0x5558254b7750;  1 drivers
v0x555825498430_0 .net "B", 0 0, L_0x5558254b6f80;  1 drivers
v0x5558254984f0_0 .net "Cin", 0 0, L_0x5558254b7020;  1 drivers
v0x5558254985c0_0 .net "Cout", 0 0, L_0x5558254b7640;  1 drivers
v0x555825498680_0 .net "S", 0 0, L_0x5558254b74c0;  1 drivers
v0x555825498790_0 .net "aandb", 0 0, L_0x5558254b6a10;  1 drivers
v0x555825498850_0 .net "axorb", 0 0, L_0x5558254b6970;  1 drivers
v0x555825498910_0 .net "axorbandcin", 0 0, L_0x5558254b7580;  1 drivers
S_0x555825498c50 .scope generate, "ripple[30]" "ripple[30]" 3 17, 3 17 0, S_0x55582546f380;
 .timescale 0 0;
P_0x555825498e50 .param/l "i" 1 3 17, +C4<011110>;
L_0x5558254b70c0 .functor XOR 1, L_0x5558254b7190, L_0x5558254b7280, C4<0>, C4<0>;
v0x5558254998b0_0 .net *"_ivl_1", 0 0, L_0x5558254b7190;  1 drivers
v0x5558254999b0_0 .net *"_ivl_2", 0 0, L_0x5558254b7280;  1 drivers
S_0x555825498f30 .scope module, "full_adder" "full_adder_LL_nodelay" 3 19, 4 1 0, S_0x555825498c50;
 .timescale 0 0;
    .port_info 0 /INPUT 1 "A";
    .port_info 1 /INPUT 1 "B";
    .port_info 2 /INPUT 1 "Cin";
    .port_info 3 /OUTPUT 1 "S";
    .port_info 4 /OUTPUT 1 "Cout";
L_0x5558254b7370 .functor XOR 1, L_0x5558254b8510, L_0x5558254b8060, C4<0>, C4<0>;
L_0x5558254b7cc0 .functor AND 1, L_0x5558254b8510, L_0x5558254b8060, C4<1>, C4<1>;
L_0x5558254b7dd0 .functor XOR 1, L_0x5558254b77f0, L_0x5558254b7370, C4<0>, C4<0>;
L_0x5558254b7e90 .functor AND 1, L_0x5558254b77f0, L_0x5558254b7370, C4<1>, C4<1>;
L_0x5558254b7f50 .functor OR 1, L_0x5558254b7cc0, L_0x5558254b7e90, C4<0>, C4<0>;
v0x555825499190_0 .net "A", 0 0, L_0x5558254b8060;  1 drivers
v0x555825499270_0 .net "B", 0 0, L_0x5558254b8510;  1 drivers
v0x555825499330_0 .net "Cin", 0 0, L_0x5558254b77f0;  1 drivers
v0x555825499400_0 .net "Cout", 0 0, L_0x5558254b7f50;  1 drivers
v0x5558254994c0_0 .net "S", 0 0, L_0x5558254b7dd0;  1 drivers
v0x5558254995d0_0 .net "aandb", 0 0, L_0x5558254b7cc0;  1 drivers
v0x555825499690_0 .net "axorb", 0 0, L_0x5558254b7370;  1 drivers
v0x555825499750_0 .net "axorbandcin", 0 0, L_0x5558254b7e90;  1 drivers
S_0x555825499a90 .scope generate, "ripple[31]" "ripple[31]" 3 17, 3 17 0, S_0x55582546f380;
 .timescale 0 0;
P_0x555825499c90 .param/l "i" 1 3 17, +C4<011111>;
L_0x5558254b85b0 .functor XOR 1, L_0x5558254b8670, L_0x5558254b8760, C4<0>, C4<0>;
v0x55582549a6f0_0 .net *"_ivl_1", 0 0, L_0x5558254b8670;  1 drivers
v0x55582549a7f0_0 .net *"_ivl_2", 0 0, L_0x5558254b8760;  1 drivers
S_0x555825499d70 .scope module, "full_adder" "full_adder_LL_nodelay" 3 19, 4 1 0, S_0x555825499a90;
 .timescale 0 0;
    .port_info 0 /INPUT 1 "A";
    .port_info 1 /INPUT 1 "B";
    .port_info 2 /INPUT 1 "Cin";
    .port_info 3 /OUTPUT 1 "S";
    .port_info 4 /OUTPUT 1 "Cout";
L_0x5558254b8850 .functor XOR 1, L_0x5558254b9c50, L_0x5558254b9bb0, C4<0>, C4<0>;
L_0x5558254b88c0 .functor AND 1, L_0x5558254b9c50, L_0x5558254b9bb0, C4<1>, C4<1>;
L_0x5558254b89d0 .functor XOR 1, L_0x5558254b94e0, L_0x5558254b8850, C4<0>, C4<0>;
L_0x5558254b99e0 .functor AND 1, L_0x5558254b94e0, L_0x5558254b8850, C4<1>, C4<1>;
L_0x5558254b9aa0 .functor OR 1, L_0x5558254b88c0, L_0x5558254b99e0, C4<0>, C4<0>;
v0x555825499fd0_0 .net "A", 0 0, L_0x5558254b9bb0;  1 drivers
v0x55582549a0b0_0 .net "B", 0 0, L_0x5558254b9c50;  1 drivers
v0x55582549a170_0 .net "Cin", 0 0, L_0x5558254b94e0;  1 drivers
v0x55582549a240_0 .net "Cout", 0 0, L_0x5558254b9aa0;  1 drivers
v0x55582549a300_0 .net "S", 0 0, L_0x5558254b89d0;  1 drivers
v0x55582549a410_0 .net "aandb", 0 0, L_0x5558254b88c0;  1 drivers
v0x55582549a4d0_0 .net "axorb", 0 0, L_0x5558254b8850;  1 drivers
v0x55582549a590_0 .net "axorbandcin", 0 0, L_0x5558254b99e0;  1 drivers
    .scope S_0x55582543d4a0;
T_0 ;
    %pushi/vec4 0, 0, 32;
    %store/vec4 v0x55582549cfa0_0, 0, 32;
    %pushi/vec4 0, 0, 32;
    %store/vec4 v0x55582549d080_0, 0, 32;
    %end;
    .thread T_0;
    .scope S_0x55582543d4a0;
T_1 ;
    %wait E_0x555825409bd0;
    %load/vec4 v0x55582549d540_0;
    %parti/s 4, 0, 2;
    %cmpi/e 7, 0, 4;
    %jmp/0xz  T_1.0, 4;
    %load/vec4 v0x55582549d7e0_0;
    %assign/vec4 v0x55582549cfa0_0, 0;
    %jmp T_1.1;
T_1.0 ;
    %load/vec4 v0x55582549d700_0;
    %assign/vec4 v0x55582549cfa0_0, 0;
T_1.1 ;
    %load/vec4 v0x55582549d540_0;
    %parti/s 4, 0, 2;
    %cmpi/e 6, 0, 4;
    %jmp/1 T_1.6, 4;
    %flag_mov 8, 4;
    %load/vec4 v0x55582549d540_0;
    %parti/s 4, 0, 2;
    %cmpi/e 8, 0, 4;
    %flag_or 4, 8;
T_1.6;
    %jmp/1 T_1.5, 4;
    %flag_mov 8, 4;
    %load/vec4 v0x55582549d540_0;
    %parti/s 4, 0, 2;
    %cmpi/e 7, 0, 4;
    %flag_or 4, 8;
T_1.5;
    %jmp/1 T_1.4, 4;
    %flag_mov 8, 4;
    %load/vec4 v0x55582549d540_0;
    %parti/s 4, 0, 2;
    %cmpi/e 5, 0, 4;
    %flag_or 4, 8;
T_1.4;
    %jmp/0xz  T_1.2, 4;
    %load/vec4 v0x55582549d620_0;
    %assign/vec4 v0x55582549d080_0, 0;
    %jmp T_1.3;
T_1.2 ;
    %pushi/vec4 4, 0, 32;
    %assign/vec4 v0x55582549d080_0, 0;
T_1.3 ;
    %jmp T_1;
    .thread T_1;
# The file index is used to find the file name in the following table.
:file_names 5;
    "N/A";
    "<interactive>";
    "src/pc_updater.v";
    "src/ripple_carry_adder_subtractor.v";
    "src/full_adder_LL_nodelay.v";
