OpenROAD ceae0ad175e8b0183c3a64af79ba18139dcda63a 
This program is licensed under the BSD-3 license. See the LICENSE file for details.
Components of this program may be licensed under more restrictive licenses which must be honored.
[INFO]: Reading ODB at '/openlane/designs/RV32_pipelined/runs/RUN_2023.06.13_19.46.51/tmp/floorplan/5-tapcell.odb'…
define_corners Typical
read_liberty -corner Typical /home/eymen/.volare/sky130A/libs.ref/sky130_fd_sc_hd/lib/sky130_fd_sc_hd__tt_025C_1v80.lib
[INFO PDN-0001] Inserting grid: stdcell_grid
[WARNING PSM-0016] Voltage pad location (VSRC) file not specified, defaulting pad location to checkerboard pattern on core area.
[WARNING PSM-0017] X direction bump pitch is not specified, defaulting to 140um.
[WARNING PSM-0018] Y direction bump pitch is not specified, defaulting to 140um.
[WARNING PSM-0019] Voltage on net VPWR is not explicitly set.
[WARNING PSM-0022] Using voltage 1.800V for VDD network.
[WARNING PSM-0065] VSRC location not specified, using default checkerboard pattern with one VDD every size bumps in x-direction and one in two bumps in the y-direction
[INFO PSM-0076] Setting metal node density to be standard cell height times 5.
[WARNING PSM-0030] VSRC location at (79.790um, 149.120um) and size 10.000um, is not located on an existing power stripe node. Moving to closest node at (21.840um, 180.710um).
[WARNING PSM-0030] VSRC location at (919.790um, 149.120um) and size 10.000um, is not located on an existing power stripe node. Moving to closest node at (943.440um, 180.710um).
[WARNING PSM-0030] VSRC location at (359.790um, 289.120um) and size 10.000um, is not located on an existing power stripe node. Moving to closest node at (329.040um, 333.890um).
[WARNING PSM-0030] VSRC location at (639.790um, 429.120um) and size 10.000um, is not located on an existing power stripe node. Moving to closest node at (636.240um, 487.070um).
[WARNING PSM-0030] VSRC location at (79.790um, 569.120um) and size 10.000um, is not located on an existing power stripe node. Moving to closest node at (21.840um, 640.250um).
[WARNING PSM-0030] VSRC location at (919.790um, 569.120um) and size 10.000um, is not located on an existing power stripe node. Moving to closest node at (943.440um, 640.250um).
[WARNING PSM-0030] VSRC location at (359.790um, 709.120um) and size 10.000um, is not located on an existing power stripe node. Moving to closest node at (329.040um, 640.250um).
[WARNING PSM-0030] VSRC location at (639.790um, 849.120um) and size 10.000um, is not located on an existing power stripe node. Moving to closest node at (636.240um, 793.430um).
[INFO PSM-0031] Number of PDN nodes on net VPWR = 23166.
[INFO PSM-0064] Number of voltage sources = 8.
[INFO PSM-0040] All PDN stripes on net VPWR are connected.
[WARNING PSM-0016] Voltage pad location (VSRC) file not specified, defaulting pad location to checkerboard pattern on core area.
[WARNING PSM-0017] X direction bump pitch is not specified, defaulting to 140um.
[WARNING PSM-0018] Y direction bump pitch is not specified, defaulting to 140um.
[WARNING PSM-0019] Voltage on net VGND is not explicitly set.
[WARNING PSM-0021] Using voltage 0.000V for ground network.
[WARNING PSM-0065] VSRC location not specified, using default checkerboard pattern with one VDD every size bumps in x-direction and one in two bumps in the y-direction
[INFO PSM-0076] Setting metal node density to be standard cell height times 5.
[WARNING PSM-0030] VSRC location at (79.790um, 149.120um) and size 10.000um, is not located on an existing power stripe node. Moving to closest node at (25.140um, 184.010um).
[WARNING PSM-0030] VSRC location at (919.790um, 149.120um) and size 10.000um, is not located on an existing power stripe node. Moving to closest node at (946.740um, 184.010um).
[WARNING PSM-0030] VSRC location at (359.790um, 289.120um) and size 10.000um, is not located on an existing power stripe node. Moving to closest node at (332.340um, 337.190um).
[WARNING PSM-0030] VSRC location at (639.790um, 429.120um) and size 10.000um, is not located on an existing power stripe node. Moving to closest node at (639.540um, 490.370um).
[WARNING PSM-0030] VSRC location at (79.790um, 569.120um) and size 10.000um, is not located on an existing power stripe node. Moving to closest node at (25.140um, 643.550um).
[WARNING PSM-0030] VSRC location at (919.790um, 569.120um) and size 10.000um, is not located on an existing power stripe node. Moving to closest node at (946.740um, 643.550um).
[WARNING PSM-0030] VSRC location at (359.790um, 709.120um) and size 10.000um, is not located on an existing power stripe node. Moving to closest node at (332.340um, 643.550um).
[WARNING PSM-0030] VSRC location at (639.790um, 849.120um) and size 10.000um, is not located on an existing power stripe node. Moving to closest node at (639.540um, 796.730um).
[INFO PSM-0031] Number of PDN nodes on net VGND = 23166.
[INFO PSM-0064] Number of voltage sources = 8.
[INFO PSM-0040] All PDN stripes on net VGND are connected.
Setting global connections for newly added cells…
Writing OpenROAD database to '/openlane/designs/RV32_pipelined/runs/RUN_2023.06.13_19.46.51/results/floorplan/cpu.odb'…
Writing layout to '/openlane/designs/RV32_pipelined/runs/RUN_2023.06.13_19.46.51/results/floorplan/cpu.def'…
