OpenROAD ceae0ad175e8b0183c3a64af79ba18139dcda63a 
This program is licensed under the BSD-3 license. See the LICENSE file for details.
Components of this program may be licensed under more restrictive licenses which must be honored.
[INFO ODB-0222] Reading LEF file: /openlane/designs/RV32_pipelined/runs/RUN_2023.06.13_19.46.51/tmp/merged.max.lef
[WARNING ODB-0220] WARNING (LEFPARS-2036): SOURCE statement is obsolete in version 5.6 and later.
The LEF parser will ignore this statement.
To avoid this warning in the future, remove this statement from the LEF file with version 5.6 or later. See file /openlane/designs/RV32_pipelined/runs/RUN_2023.06.13_19.46.51/tmp/merged.max.lef at line 930.

[INFO ODB-0223]     Created 13 technology layers
[INFO ODB-0224]     Created 25 technology vias
[INFO ODB-0225]     Created 441 library cells
[INFO ODB-0226] Finished LEF file:  /openlane/designs/RV32_pipelined/runs/RUN_2023.06.13_19.46.51/tmp/merged.max.lef
[INFO ODB-0127] Reading DEF file: /openlane/designs/RV32_pipelined/runs/RUN_2023.06.13_19.46.51/results/routing/cpu.def
[INFO ODB-0128] Design: cpu
[INFO ODB-0094] 		Created 100000 Insts
[INFO ODB-0130]     Created 8 pins.
[INFO ODB-0131]     Created 111060 components and 517030 component-terminals.
[INFO ODB-0132]     Created 2 special nets and 416804 connections.
[INFO ODB-0133]     Created 32427 nets and 100190 connections.
[INFO ODB-0134] Finished DEF file: /openlane/designs/RV32_pipelined/runs/RUN_2023.06.13_19.46.51/results/routing/cpu.def
define_corners Typical
read_liberty -corner Typical /home/eymen/.volare/sky130A/libs.ref/sky130_fd_sc_hd/lib/sky130_fd_sc_hd__tt_025C_1v80.lib
Using RCX ruleset '/home/eymen/.volare/sky130A/libs.tech/openlane/rules.openrcx.sky130A.max.calibre'...
[INFO RCX-0431] Defined process_corner X with ext_model_index 0
[INFO RCX-0029] Defined extraction corner X
[INFO RCX-0008] extracting parasitics of cpu ...
[INFO RCX-0435] Reading extraction model file /home/eymen/.volare/sky130A/libs.tech/openlane/rules.openrcx.sky130A.max.calibre ...
[INFO RCX-0436] RC segment generation cpu (max_merge_res 50.0) ...
[INFO RCX-0040] Final 154299 rc segments
[INFO RCX-0439] Coupling Cap extraction cpu ...
[INFO RCX-0440] Coupling threshhold is 0.1000 fF, coupling capacitance less than 0.1000 fF will be grounded.
[INFO RCX-0043] 240233 wires to be extracted
[INFO RCX-0442] 22% completion -- 53650 wires have been extracted
[INFO RCX-0442] 52% completion -- 125542 wires have been extracted
[INFO RCX-0442] 67% completion -- 161950 wires have been extracted
[INFO RCX-0442] 100% completion -- 240233 wires have been extracted
[INFO RCX-0045] Extract 32427 nets, 186707 rsegs, 186707 caps, 313112 ccs
[INFO RCX-0015] Finished extracting cpu.
Writing result to /openlane/designs/RV32_pipelined/runs/RUN_2023.06.13_19.46.51/results/routing/mca/process_corner_max/cpu.spef...
Setting global connections for newly added cells…
[WARNING] Did not save OpenROAD database!
Writing extracted parasitics to '/openlane/designs/RV32_pipelined/runs/RUN_2023.06.13_19.46.51/results/routing/mca/process_corner_max/cpu.spef'…
[INFO RCX-0016] Writing SPEF ...
[INFO RCX-0443] 32427 nets finished
[INFO RCX-0017] Finished writing SPEF ...
