cu.cwordID\[18\] 
datamem._04370_ 
datamem._04556_ 
datamem._04602_ 
datamem._05462_ 
datamem._05665_ 
datamem._05733_ 
datamem._05741_ 
datamem._05784_ 
datamem._05865_ 
datamem._06214_ 
datamem._06374_ 
datamem._06741_ 
datamem._06763_ 
datamem._07169_ 
datamem._07189_ 
datamem._07201_ 
datamem._07211_ 
datamem._07215_ 
datamem._07318_ 
datamem._07351_ 
datamem._08095_ 
datamem._08580_ 
datamem._08609_ 
datamem._09246_ 
datamem._09248_ 
datamem._09585_ 
datamem._09593_ 
datamem._09615_ 
datamem._09719_ 
datamem._09725_ 
datamem._09984_ 
datamem._09989_ 
datamem._09991_ 
datamem._10014_ 
datamem._11223_ 
datamem._11231_ 
datamem._11262_ 
datamem._11267_ 
datamem._11313_ 
datamem._11415_ 
datamem._12657_ 
datamem._12743_ 
datamem.mem\[61\]\[18\] 
dp.funit_S_EXMEM.Q\[25\] 
dp.regfile._02063_ 
dp.regfile._02071_ 
dp.regfile._02105_ 
dp.regfile._02115_ 
dp.regfile._02260_ 
dp.regfile._02648_ 
dp.regfile._02658_ 
dp.regfile._02661_ 
dp.regfile._02671_ 
dp.regfile._02673_ 
dp.regfile._02686_ 
dp.regfile._02780_ 
dp.regfile._03457_ 
dp.regfile._03482_ 
dp.regfile.rd_dout0\[6\] 
dp.regfile.wr_din0\[11\] 
dp.regfile.wr_din0\[12\] 
dp.regfile.wr_din0\[29\] 
net3 
net43 
net56 
clknet_1_0__leaf_dp.regfile._05700_ 